<?xml version="1.0" encoding="UTF-8"?>
<testsuite xmlns:xsi="http://www.w3.org/2001/XMLSchema-instance" xsi:noNamespaceSchemaLocation="https://maven.apache.org/surefire/maven-surefire-plugin/xsd/surefire-test-report.xsd" version="3.0.2" name="com.example.modfac.service.MainServiceIntegrationTest" time="10.651" tests="5" errors="0" skipped="0" failures="0">
  <properties>
    <property name="java.specification.version" value="21"/>
    <property name="sun.cpu.isalist" value="amd64"/>
    <property name="sun.jnu.encoding" value="Cp1252"/>
    <property name="java.class.path" value="C:\Users\oleksandr.chulkin\Documents\repo\modfac\target\test-classes;C:\Users\oleksandr.chulkin\Documents\repo\modfac\target\classes;C:\Users\oleksandr.chulkin\.m2\repository\org\springframework\boot\spring-boot-starter-hateoas\3.4.4\spring-boot-starter-hateoas-3.4.4.jar;C:\Users\oleksandr.chulkin\.m2\repository\org\springframework\hateoas\spring-hateoas\2.4.1\spring-hateoas-2.4.1.jar;C:\Users\oleksandr.chulkin\.m2\repository\org\springframework\spring-beans\6.2.5\spring-beans-6.2.5.jar;C:\Users\oleksandr.chulkin\.m2\repository\org\springframework\spring-context\6.2.5\spring-context-6.2.5.jar;C:\Users\oleksandr.chulkin\.m2\repository\org\springframework\plugin\spring-plugin-core\3.0.0\spring-plugin-core-3.0.0.jar;C:\Users\oleksandr.chulkin\.m2\repository\org\slf4j\slf4j-api\2.0.17\slf4j-api-2.0.17.jar;C:\Users\oleksandr.chulkin\.m2\repository\org\springframework\boot\spring-boot-starter-web\3.4.4\spring-boot-starter-web-3.4.4.jar;C:\Users\oleksandr.chulkin\.m2\repository\org\springframework\boot\spring-boot-starter\3.4.4\spring-boot-starter-3.4.4.jar;C:\Users\oleksandr.chulkin\.m2\repository\org\springframework\boot\spring-boot\3.4.4\spring-boot-3.4.4.jar;C:\Users\oleksandr.chulkin\.m2\repository\org\springframework\boot\spring-boot-autoconfigure\3.4.4\spring-boot-autoconfigure-3.4.4.jar;C:\Users\oleksandr.chulkin\.m2\repository\org\springframework\boot\spring-boot-starter-logging\3.4.4\spring-boot-starter-logging-3.4.4.jar;C:\Users\oleksandr.chulkin\.m2\repository\ch\qos\logback\logback-classic\1.5.18\logback-classic-1.5.18.jar;C:\Users\oleksandr.chulkin\.m2\repository\ch\qos\logback\logback-core\1.5.18\logback-core-1.5.18.jar;C:\Users\oleksandr.chulkin\.m2\repository\org\apache\logging\log4j\log4j-to-slf4j\2.24.3\log4j-to-slf4j-2.24.3.jar;C:\Users\oleksandr.chulkin\.m2\repository\org\apache\logging\log4j\log4j-api\2.24.3\log4j-api-2.24.3.jar;C:\Users\oleksandr.chulkin\.m2\repository\org\slf4j\jul-to-slf4j\2.0.17\jul-to-slf4j-2.0.17.jar;C:\Users\oleksandr.chulkin\.m2\repository\jakarta\annotation\jakarta.annotation-api\2.1.1\jakarta.annotation-api-2.1.1.jar;C:\Users\oleksandr.chulkin\.m2\repository\org\yaml\snakeyaml\2.3\snakeyaml-2.3.jar;C:\Users\oleksandr.chulkin\.m2\repository\org\springframework\boot\spring-boot-starter-json\3.4.4\spring-boot-starter-json-3.4.4.jar;C:\Users\oleksandr.chulkin\.m2\repository\com\fasterxml\jackson\core\jackson-databind\2.18.3\jackson-databind-2.18.3.jar;C:\Users\oleksandr.chulkin\.m2\repository\com\fasterxml\jackson\core\jackson-annotations\2.18.3\jackson-annotations-2.18.3.jar;C:\Users\oleksandr.chulkin\.m2\repository\com\fasterxml\jackson\core\jackson-core\2.18.3\jackson-core-2.18.3.jar;C:\Users\oleksandr.chulkin\.m2\repository\com\fasterxml\jackson\datatype\jackson-datatype-jdk8\2.18.3\jackson-datatype-jdk8-2.18.3.jar;C:\Users\oleksandr.chulkin\.m2\repository\com\fasterxml\jackson\datatype\jackson-datatype-jsr310\2.18.3\jackson-datatype-jsr310-2.18.3.jar;C:\Users\oleksandr.chulkin\.m2\repository\com\fasterxml\jackson\module\jackson-module-parameter-names\2.18.3\jackson-module-parameter-names-2.18.3.jar;C:\Users\oleksandr.chulkin\.m2\repository\org\springframework\boot\spring-boot-starter-tomcat\3.4.4\spring-boot-starter-tomcat-3.4.4.jar;C:\Users\oleksandr.chulkin\.m2\repository\org\apache\tomcat\embed\tomcat-embed-core\10.1.39\tomcat-embed-core-10.1.39.jar;C:\Users\oleksandr.chulkin\.m2\repository\org\apache\tomcat\embed\tomcat-embed-websocket\10.1.39\tomcat-embed-websocket-10.1.39.jar;C:\Users\oleksandr.chulkin\.m2\repository\org\springframework\spring-web\6.2.5\spring-web-6.2.5.jar;C:\Users\oleksandr.chulkin\.m2\repository\io\micrometer\micrometer-observation\1.14.5\micrometer-observation-1.14.5.jar;C:\Users\oleksandr.chulkin\.m2\repository\io\micrometer\micrometer-commons\1.14.5\micrometer-commons-1.14.5.jar;C:\Users\oleksandr.chulkin\.m2\repository\org\springframework\spring-webmvc\6.2.5\spring-webmvc-6.2.5.jar;C:\Users\oleksandr.chulkin\.m2\repository\org\springframework\spring-expression\6.2.5\spring-expression-6.2.5.jar;C:\Users\oleksandr.chulkin\.m2\repository\org\springframework\boot\spring-boot-starter-security\3.4.4\spring-boot-starter-security-3.4.4.jar;C:\Users\oleksandr.chulkin\.m2\repository\org\springframework\spring-aop\6.2.5\spring-aop-6.2.5.jar;C:\Users\oleksandr.chulkin\.m2\repository\org\springframework\security\spring-security-config\6.4.4\spring-security-config-6.4.4.jar;C:\Users\oleksandr.chulkin\.m2\repository\org\springframework\security\spring-security-web\6.4.4\spring-security-web-6.4.4.jar;C:\Users\oleksandr.chulkin\.m2\repository\org\springframework\boot\spring-boot-starter-validation\3.4.4\spring-boot-starter-validation-3.4.4.jar;C:\Users\oleksandr.chulkin\.m2\repository\org\apache\tomcat\embed\tomcat-embed-el\10.1.39\tomcat-embed-el-10.1.39.jar;C:\Users\oleksandr.chulkin\.m2\repository\org\hibernate\validator\hibernate-validator\8.0.2.Final\hibernate-validator-8.0.2.Final.jar;C:\Users\oleksandr.chulkin\.m2\repository\jakarta\validation\jakarta.validation-api\3.0.2\jakarta.validation-api-3.0.2.jar;C:\Users\oleksandr.chulkin\.m2\repository\org\jboss\logging\jboss-logging\3.6.1.Final\jboss-logging-3.6.1.Final.jar;C:\Users\oleksandr.chulkin\.m2\repository\com\fasterxml\classmate\1.7.0\classmate-1.7.0.jar;C:\Users\oleksandr.chulkin\.m2\repository\io\jsonwebtoken\jjwt\0.12.6\jjwt-0.12.6.jar;C:\Users\oleksandr.chulkin\.m2\repository\io\jsonwebtoken\jjwt-api\0.12.6\jjwt-api-0.12.6.jar;C:\Users\oleksandr.chulkin\.m2\repository\io\jsonwebtoken\jjwt-impl\0.12.6\jjwt-impl-0.12.6.jar;C:\Users\oleksandr.chulkin\.m2\repository\io\jsonwebtoken\jjwt-jackson\0.12.6\jjwt-jackson-0.12.6.jar;C:\Users\oleksandr.chulkin\.m2\repository\com\oracle\database\jdbc\ojdbc11\21.9.0.0\ojdbc11-21.9.0.0.jar;C:\Users\oleksandr.chulkin\.m2\repository\org\projectlombok\lombok\1.18.36\lombok-1.18.36.jar;C:\Users\oleksandr.chulkin\.m2\repository\org\springframework\boot\spring-boot-starter-data-mongodb\3.4.4\spring-boot-starter-data-mongodb-3.4.4.jar;C:\Users\oleksandr.chulkin\.m2\repository\org\mongodb\mongodb-driver-sync\5.2.1\mongodb-driver-sync-5.2.1.jar;C:\Users\oleksandr.chulkin\.m2\repository\org\mongodb\bson\5.2.1\bson-5.2.1.jar;C:\Users\oleksandr.chulkin\.m2\repository\org\mongodb\mongodb-driver-core\5.2.1\mongodb-driver-core-5.2.1.jar;C:\Users\oleksandr.chulkin\.m2\repository\org\mongodb\bson-record-codec\5.2.1\bson-record-codec-5.2.1.jar;C:\Users\oleksandr.chulkin\.m2\repository\org\springframework\data\spring-data-mongodb\4.4.4\spring-data-mongodb-4.4.4.jar;C:\Users\oleksandr.chulkin\.m2\repository\org\springframework\spring-tx\6.2.5\spring-tx-6.2.5.jar;C:\Users\oleksandr.chulkin\.m2\repository\org\springframework\data\spring-data-commons\3.4.4\spring-data-commons-3.4.4.jar;C:\Users\oleksandr.chulkin\.m2\repository\org\springframework\boot\spring-boot-starter-test\3.4.4\spring-boot-starter-test-3.4.4.jar;C:\Users\oleksandr.chulkin\.m2\repository\org\springframework\boot\spring-boot-test\3.4.4\spring-boot-test-3.4.4.jar;C:\Users\oleksandr.chulkin\.m2\repository\org\springframework\boot\spring-boot-test-autoconfigure\3.4.4\spring-boot-test-autoconfigure-3.4.4.jar;C:\Users\oleksandr.chulkin\.m2\repository\com\jayway\jsonpath\json-path\2.9.0\json-path-2.9.0.jar;C:\Users\oleksandr.chulkin\.m2\repository\jakarta\xml\bind\jakarta.xml.bind-api\4.0.2\jakarta.xml.bind-api-4.0.2.jar;C:\Users\oleksandr.chulkin\.m2\repository\jakarta\activation\jakarta.activation-api\2.1.3\jakarta.activation-api-2.1.3.jar;C:\Users\oleksandr.chulkin\.m2\repository\net\minidev\json-smart\2.5.2\json-smart-2.5.2.jar;C:\Users\oleksandr.chulkin\.m2\repository\net\minidev\accessors-smart\2.5.2\accessors-smart-2.5.2.jar;C:\Users\oleksandr.chulkin\.m2\repository\org\ow2\asm\asm\9.7.1\asm-9.7.1.jar;C:\Users\oleksandr.chulkin\.m2\repository\org\awaitility\awaitility\4.2.2\awaitility-4.2.2.jar;C:\Users\oleksandr.chulkin\.m2\repository\org\hamcrest\hamcrest\2.2\hamcrest-2.2.jar;C:\Users\oleksandr.chulkin\.m2\repository\org\junit\jupiter\junit-jupiter\5.11.4\junit-jupiter-5.11.4.jar;C:\Users\oleksandr.chulkin\.m2\repository\org\junit\jupiter\junit-jupiter-params\5.11.4\junit-jupiter-params-5.11.4.jar;C:\Users\oleksandr.chulkin\.m2\repository\org\junit\jupiter\junit-jupiter-engine\5.11.4\junit-jupiter-engine-5.11.4.jar;C:\Users\oleksandr.chulkin\.m2\repository\org\junit\platform\junit-platform-engine\1.11.4\junit-platform-engine-1.11.4.jar;C:\Users\oleksandr.chulkin\.m2\repository\org\skyscreamer\jsonassert\1.5.3\jsonassert-1.5.3.jar;C:\Users\oleksandr.chulkin\.m2\repository\com\vaadin\external\google\android-json\0.0.20131108.vaadin1\android-json-0.0.20131108.vaadin1.jar;C:\Users\oleksandr.chulkin\.m2\repository\org\springframework\spring-core\6.2.5\spring-core-6.2.5.jar;C:\Users\oleksandr.chulkin\.m2\repository\org\springframework\spring-jcl\6.2.5\spring-jcl-6.2.5.jar;C:\Users\oleksandr.chulkin\.m2\repository\org\springframework\spring-test\6.2.5\spring-test-6.2.5.jar;C:\Users\oleksandr.chulkin\.m2\repository\org\xmlunit\xmlunit-core\2.10.0\xmlunit-core-2.10.0.jar;C:\Users\oleksandr.chulkin\.m2\repository\org\springframework\restdocs\spring-restdocs-mockmvc\3.0.3\spring-restdocs-mockmvc-3.0.3.jar;C:\Users\oleksandr.chulkin\.m2\repository\org\springframework\restdocs\spring-restdocs-core\3.0.3\spring-restdocs-core-3.0.3.jar;C:\Users\oleksandr.chulkin\.m2\repository\jakarta\servlet\jakarta.servlet-api\6.0.0\jakarta.servlet-api-6.0.0.jar;C:\Users\oleksandr.chulkin\.m2\repository\org\springframework\security\spring-security-test\6.4.4\spring-security-test-6.4.4.jar;C:\Users\oleksandr.chulkin\.m2\repository\org\springframework\security\spring-security-core\6.4.4\spring-security-core-6.4.4.jar;C:\Users\oleksandr.chulkin\.m2\repository\org\springframework\security\spring-security-crypto\6.4.4\spring-security-crypto-6.4.4.jar;C:\Users\oleksandr.chulkin\.m2\repository\org\mockito\mockito-core\5.3.1\mockito-core-5.3.1.jar;C:\Users\oleksandr.chulkin\.m2\repository\net\bytebuddy\byte-buddy\1.15.11\byte-buddy-1.15.11.jar;C:\Users\oleksandr.chulkin\.m2\repository\net\bytebuddy\byte-buddy-agent\1.15.11\byte-buddy-agent-1.15.11.jar;C:\Users\oleksandr.chulkin\.m2\repository\org\objenesis\objenesis\3.3\objenesis-3.3.jar;C:\Users\oleksandr.chulkin\.m2\repository\org\mockito\mockito-junit-jupiter\5.3.1\mockito-junit-jupiter-5.3.1.jar;C:\Users\oleksandr.chulkin\.m2\repository\org\junit\jupiter\junit-jupiter-api\5.11.4\junit-jupiter-api-5.11.4.jar;C:\Users\oleksandr.chulkin\.m2\repository\org\opentest4j\opentest4j\1.3.0\opentest4j-1.3.0.jar;C:\Users\oleksandr.chulkin\.m2\repository\org\junit\platform\junit-platform-commons\1.11.4\junit-platform-commons-1.11.4.jar;C:\Users\oleksandr.chulkin\.m2\repository\org\apiguardian\apiguardian-api\1.1.2\apiguardian-api-1.1.2.jar;C:\Users\oleksandr.chulkin\.m2\repository\org\assertj\assertj-core\3.24.2\assertj-core-3.24.2.jar;"/>
    <property name="java.vm.vendor" value="Eclipse Adoptium"/>
    <property name="sun.arch.data.model" value="64"/>
    <property name="user.variant" value=""/>
    <property name="java.vendor.url" value="https://adoptium.net/"/>
    <property name="user.timezone" value="Europe/Bucharest"/>
    <property name="org.jboss.logging.provider" value="slf4j"/>
    <property name="os.name" value="Windows 11"/>
    <property name="java.vm.specification.version" value="21"/>
    <property name="sun.java.launcher" value="SUN_STANDARD"/>
    <property name="user.country" value="US"/>
    <property name="sun.boot.library.path" value="C:\Users\oleksandr.chulkin\AppData\Local\Programs\Eclipse Adoptium\jdk-21.0.6.7-hotspot\bin"/>
    <property name="sun.java.command" value="C:\Users\oleksandr.chulkin\AppData\Local\Temp\surefire4238183524476546001\surefirebooter-20250904215729216_3.jar C:\Users\oleksandr.chulkin\AppData\Local\Temp\surefire4238183524476546001 2025-09-04T21-57-29_042-jvmRun1 surefire-20250904215729216_1tmp surefire_0-20250904215729216_2tmp"/>
    <property name="jdk.debug" value="release"/>
    <property name="surefire.test.class.path" value="C:\Users\oleksandr.chulkin\Documents\repo\modfac\target\test-classes;C:\Users\oleksandr.chulkin\Documents\repo\modfac\target\classes;C:\Users\oleksandr.chulkin\.m2\repository\org\springframework\boot\spring-boot-starter-hateoas\3.4.4\spring-boot-starter-hateoas-3.4.4.jar;C:\Users\oleksandr.chulkin\.m2\repository\org\springframework\hateoas\spring-hateoas\2.4.1\spring-hateoas-2.4.1.jar;C:\Users\oleksandr.chulkin\.m2\repository\org\springframework\spring-beans\6.2.5\spring-beans-6.2.5.jar;C:\Users\oleksandr.chulkin\.m2\repository\org\springframework\spring-context\6.2.5\spring-context-6.2.5.jar;C:\Users\oleksandr.chulkin\.m2\repository\org\springframework\plugin\spring-plugin-core\3.0.0\spring-plugin-core-3.0.0.jar;C:\Users\oleksandr.chulkin\.m2\repository\org\slf4j\slf4j-api\2.0.17\slf4j-api-2.0.17.jar;C:\Users\oleksandr.chulkin\.m2\repository\org\springframework\boot\spring-boot-starter-web\3.4.4\spring-boot-starter-web-3.4.4.jar;C:\Users\oleksandr.chulkin\.m2\repository\org\springframework\boot\spring-boot-starter\3.4.4\spring-boot-starter-3.4.4.jar;C:\Users\oleksandr.chulkin\.m2\repository\org\springframework\boot\spring-boot\3.4.4\spring-boot-3.4.4.jar;C:\Users\oleksandr.chulkin\.m2\repository\org\springframework\boot\spring-boot-autoconfigure\3.4.4\spring-boot-autoconfigure-3.4.4.jar;C:\Users\oleksandr.chulkin\.m2\repository\org\springframework\boot\spring-boot-starter-logging\3.4.4\spring-boot-starter-logging-3.4.4.jar;C:\Users\oleksandr.chulkin\.m2\repository\ch\qos\logback\logback-classic\1.5.18\logback-classic-1.5.18.jar;C:\Users\oleksandr.chulkin\.m2\repository\ch\qos\logback\logback-core\1.5.18\logback-core-1.5.18.jar;C:\Users\oleksandr.chulkin\.m2\repository\org\apache\logging\log4j\log4j-to-slf4j\2.24.3\log4j-to-slf4j-2.24.3.jar;C:\Users\oleksandr.chulkin\.m2\repository\org\apache\logging\log4j\log4j-api\2.24.3\log4j-api-2.24.3.jar;C:\Users\oleksandr.chulkin\.m2\repository\org\slf4j\jul-to-slf4j\2.0.17\jul-to-slf4j-2.0.17.jar;C:\Users\oleksandr.chulkin\.m2\repository\jakarta\annotation\jakarta.annotation-api\2.1.1\jakarta.annotation-api-2.1.1.jar;C:\Users\oleksandr.chulkin\.m2\repository\org\yaml\snakeyaml\2.3\snakeyaml-2.3.jar;C:\Users\oleksandr.chulkin\.m2\repository\org\springframework\boot\spring-boot-starter-json\3.4.4\spring-boot-starter-json-3.4.4.jar;C:\Users\oleksandr.chulkin\.m2\repository\com\fasterxml\jackson\core\jackson-databind\2.18.3\jackson-databind-2.18.3.jar;C:\Users\oleksandr.chulkin\.m2\repository\com\fasterxml\jackson\core\jackson-annotations\2.18.3\jackson-annotations-2.18.3.jar;C:\Users\oleksandr.chulkin\.m2\repository\com\fasterxml\jackson\core\jackson-core\2.18.3\jackson-core-2.18.3.jar;C:\Users\oleksandr.chulkin\.m2\repository\com\fasterxml\jackson\datatype\jackson-datatype-jdk8\2.18.3\jackson-datatype-jdk8-2.18.3.jar;C:\Users\oleksandr.chulkin\.m2\repository\com\fasterxml\jackson\datatype\jackson-datatype-jsr310\2.18.3\jackson-datatype-jsr310-2.18.3.jar;C:\Users\oleksandr.chulkin\.m2\repository\com\fasterxml\jackson\module\jackson-module-parameter-names\2.18.3\jackson-module-parameter-names-2.18.3.jar;C:\Users\oleksandr.chulkin\.m2\repository\org\springframework\boot\spring-boot-starter-tomcat\3.4.4\spring-boot-starter-tomcat-3.4.4.jar;C:\Users\oleksandr.chulkin\.m2\repository\org\apache\tomcat\embed\tomcat-embed-core\10.1.39\tomcat-embed-core-10.1.39.jar;C:\Users\oleksandr.chulkin\.m2\repository\org\apache\tomcat\embed\tomcat-embed-websocket\10.1.39\tomcat-embed-websocket-10.1.39.jar;C:\Users\oleksandr.chulkin\.m2\repository\org\springframework\spring-web\6.2.5\spring-web-6.2.5.jar;C:\Users\oleksandr.chulkin\.m2\repository\io\micrometer\micrometer-observation\1.14.5\micrometer-observation-1.14.5.jar;C:\Users\oleksandr.chulkin\.m2\repository\io\micrometer\micrometer-commons\1.14.5\micrometer-commons-1.14.5.jar;C:\Users\oleksandr.chulkin\.m2\repository\org\springframework\spring-webmvc\6.2.5\spring-webmvc-6.2.5.jar;C:\Users\oleksandr.chulkin\.m2\repository\org\springframework\spring-expression\6.2.5\spring-expression-6.2.5.jar;C:\Users\oleksandr.chulkin\.m2\repository\org\springframework\boot\spring-boot-starter-security\3.4.4\spring-boot-starter-security-3.4.4.jar;C:\Users\oleksandr.chulkin\.m2\repository\org\springframework\spring-aop\6.2.5\spring-aop-6.2.5.jar;C:\Users\oleksandr.chulkin\.m2\repository\org\springframework\security\spring-security-config\6.4.4\spring-security-config-6.4.4.jar;C:\Users\oleksandr.chulkin\.m2\repository\org\springframework\security\spring-security-web\6.4.4\spring-security-web-6.4.4.jar;C:\Users\oleksandr.chulkin\.m2\repository\org\springframework\boot\spring-boot-starter-validation\3.4.4\spring-boot-starter-validation-3.4.4.jar;C:\Users\oleksandr.chulkin\.m2\repository\org\apache\tomcat\embed\tomcat-embed-el\10.1.39\tomcat-embed-el-10.1.39.jar;C:\Users\oleksandr.chulkin\.m2\repository\org\hibernate\validator\hibernate-validator\8.0.2.Final\hibernate-validator-8.0.2.Final.jar;C:\Users\oleksandr.chulkin\.m2\repository\jakarta\validation\jakarta.validation-api\3.0.2\jakarta.validation-api-3.0.2.jar;C:\Users\oleksandr.chulkin\.m2\repository\org\jboss\logging\jboss-logging\3.6.1.Final\jboss-logging-3.6.1.Final.jar;C:\Users\oleksandr.chulkin\.m2\repository\com\fasterxml\classmate\1.7.0\classmate-1.7.0.jar;C:\Users\oleksandr.chulkin\.m2\repository\io\jsonwebtoken\jjwt\0.12.6\jjwt-0.12.6.jar;C:\Users\oleksandr.chulkin\.m2\repository\io\jsonwebtoken\jjwt-api\0.12.6\jjwt-api-0.12.6.jar;C:\Users\oleksandr.chulkin\.m2\repository\io\jsonwebtoken\jjwt-impl\0.12.6\jjwt-impl-0.12.6.jar;C:\Users\oleksandr.chulkin\.m2\repository\io\jsonwebtoken\jjwt-jackson\0.12.6\jjwt-jackson-0.12.6.jar;C:\Users\oleksandr.chulkin\.m2\repository\com\oracle\database\jdbc\ojdbc11\21.9.0.0\ojdbc11-21.9.0.0.jar;C:\Users\oleksandr.chulkin\.m2\repository\org\projectlombok\lombok\1.18.36\lombok-1.18.36.jar;C:\Users\oleksandr.chulkin\.m2\repository\org\springframework\boot\spring-boot-starter-data-mongodb\3.4.4\spring-boot-starter-data-mongodb-3.4.4.jar;C:\Users\oleksandr.chulkin\.m2\repository\org\mongodb\mongodb-driver-sync\5.2.1\mongodb-driver-sync-5.2.1.jar;C:\Users\oleksandr.chulkin\.m2\repository\org\mongodb\bson\5.2.1\bson-5.2.1.jar;C:\Users\oleksandr.chulkin\.m2\repository\org\mongodb\mongodb-driver-core\5.2.1\mongodb-driver-core-5.2.1.jar;C:\Users\oleksandr.chulkin\.m2\repository\org\mongodb\bson-record-codec\5.2.1\bson-record-codec-5.2.1.jar;C:\Users\oleksandr.chulkin\.m2\repository\org\springframework\data\spring-data-mongodb\4.4.4\spring-data-mongodb-4.4.4.jar;C:\Users\oleksandr.chulkin\.m2\repository\org\springframework\spring-tx\6.2.5\spring-tx-6.2.5.jar;C:\Users\oleksandr.chulkin\.m2\repository\org\springframework\data\spring-data-commons\3.4.4\spring-data-commons-3.4.4.jar;C:\Users\oleksandr.chulkin\.m2\repository\org\springframework\boot\spring-boot-starter-test\3.4.4\spring-boot-starter-test-3.4.4.jar;C:\Users\oleksandr.chulkin\.m2\repository\org\springframework\boot\spring-boot-test\3.4.4\spring-boot-test-3.4.4.jar;C:\Users\oleksandr.chulkin\.m2\repository\org\springframework\boot\spring-boot-test-autoconfigure\3.4.4\spring-boot-test-autoconfigure-3.4.4.jar;C:\Users\oleksandr.chulkin\.m2\repository\com\jayway\jsonpath\json-path\2.9.0\json-path-2.9.0.jar;C:\Users\oleksandr.chulkin\.m2\repository\jakarta\xml\bind\jakarta.xml.bind-api\4.0.2\jakarta.xml.bind-api-4.0.2.jar;C:\Users\oleksandr.chulkin\.m2\repository\jakarta\activation\jakarta.activation-api\2.1.3\jakarta.activation-api-2.1.3.jar;C:\Users\oleksandr.chulkin\.m2\repository\net\minidev\json-smart\2.5.2\json-smart-2.5.2.jar;C:\Users\oleksandr.chulkin\.m2\repository\net\minidev\accessors-smart\2.5.2\accessors-smart-2.5.2.jar;C:\Users\oleksandr.chulkin\.m2\repository\org\ow2\asm\asm\9.7.1\asm-9.7.1.jar;C:\Users\oleksandr.chulkin\.m2\repository\org\awaitility\awaitility\4.2.2\awaitility-4.2.2.jar;C:\Users\oleksandr.chulkin\.m2\repository\org\hamcrest\hamcrest\2.2\hamcrest-2.2.jar;C:\Users\oleksandr.chulkin\.m2\repository\org\junit\jupiter\junit-jupiter\5.11.4\junit-jupiter-5.11.4.jar;C:\Users\oleksandr.chulkin\.m2\repository\org\junit\jupiter\junit-jupiter-params\5.11.4\junit-jupiter-params-5.11.4.jar;C:\Users\oleksandr.chulkin\.m2\repository\org\junit\jupiter\junit-jupiter-engine\5.11.4\junit-jupiter-engine-5.11.4.jar;C:\Users\oleksandr.chulkin\.m2\repository\org\junit\platform\junit-platform-engine\1.11.4\junit-platform-engine-1.11.4.jar;C:\Users\oleksandr.chulkin\.m2\repository\org\skyscreamer\jsonassert\1.5.3\jsonassert-1.5.3.jar;C:\Users\oleksandr.chulkin\.m2\repository\com\vaadin\external\google\android-json\0.0.20131108.vaadin1\android-json-0.0.20131108.vaadin1.jar;C:\Users\oleksandr.chulkin\.m2\repository\org\springframework\spring-core\6.2.5\spring-core-6.2.5.jar;C:\Users\oleksandr.chulkin\.m2\repository\org\springframework\spring-jcl\6.2.5\spring-jcl-6.2.5.jar;C:\Users\oleksandr.chulkin\.m2\repository\org\springframework\spring-test\6.2.5\spring-test-6.2.5.jar;C:\Users\oleksandr.chulkin\.m2\repository\org\xmlunit\xmlunit-core\2.10.0\xmlunit-core-2.10.0.jar;C:\Users\oleksandr.chulkin\.m2\repository\org\springframework\restdocs\spring-restdocs-mockmvc\3.0.3\spring-restdocs-mockmvc-3.0.3.jar;C:\Users\oleksandr.chulkin\.m2\repository\org\springframework\restdocs\spring-restdocs-core\3.0.3\spring-restdocs-core-3.0.3.jar;C:\Users\oleksandr.chulkin\.m2\repository\jakarta\servlet\jakarta.servlet-api\6.0.0\jakarta.servlet-api-6.0.0.jar;C:\Users\oleksandr.chulkin\.m2\repository\org\springframework\security\spring-security-test\6.4.4\spring-security-test-6.4.4.jar;C:\Users\oleksandr.chulkin\.m2\repository\org\springframework\security\spring-security-core\6.4.4\spring-security-core-6.4.4.jar;C:\Users\oleksandr.chulkin\.m2\repository\org\springframework\security\spring-security-crypto\6.4.4\spring-security-crypto-6.4.4.jar;C:\Users\oleksandr.chulkin\.m2\repository\org\mockito\mockito-core\5.3.1\mockito-core-5.3.1.jar;C:\Users\oleksandr.chulkin\.m2\repository\net\bytebuddy\byte-buddy\1.15.11\byte-buddy-1.15.11.jar;C:\Users\oleksandr.chulkin\.m2\repository\net\bytebuddy\byte-buddy-agent\1.15.11\byte-buddy-agent-1.15.11.jar;C:\Users\oleksandr.chulkin\.m2\repository\org\objenesis\objenesis\3.3\objenesis-3.3.jar;C:\Users\oleksandr.chulkin\.m2\repository\org\mockito\mockito-junit-jupiter\5.3.1\mockito-junit-jupiter-5.3.1.jar;C:\Users\oleksandr.chulkin\.m2\repository\org\junit\jupiter\junit-jupiter-api\5.11.4\junit-jupiter-api-5.11.4.jar;C:\Users\oleksandr.chulkin\.m2\repository\org\opentest4j\opentest4j\1.3.0\opentest4j-1.3.0.jar;C:\Users\oleksandr.chulkin\.m2\repository\org\junit\platform\junit-platform-commons\1.11.4\junit-platform-commons-1.11.4.jar;C:\Users\oleksandr.chulkin\.m2\repository\org\apiguardian\apiguardian-api\1.1.2\apiguardian-api-1.1.2.jar;C:\Users\oleksandr.chulkin\.m2\repository\org\assertj\assertj-core\3.24.2\assertj-core-3.24.2.jar;"/>
    <property name="sun.cpu.endian" value="little"/>
    <property name="user.home" value="C:\Users\oleksandr.chulkin"/>
    <property name="user.language" value="en"/>
    <property name="java.specification.vendor" value="Oracle Corporation"/>
    <property name="java.version.date" value="2025-01-21"/>
    <property name="java.home" value="C:\Users\oleksandr.chulkin\AppData\Local\Programs\Eclipse Adoptium\jdk-21.0.6.7-hotspot"/>
    <property name="file.separator" value="\"/>
    <property name="basedir" value="C:\Users\oleksandr.chulkin\Documents\repo\modfac"/>
    <property name="java.vm.compressedOopsMode" value="Zero based"/>
    <property name="line.separator" value="&#10;"/>
    <property name="java.vm.specification.vendor" value="Oracle Corporation"/>
    <property name="java.specification.name" value="Java Platform API Specification"/>
    <property name="FILE_LOG_CHARSET" value="UTF-8"/>
    <property name="java.awt.headless" value="true"/>
    <property name="surefire.real.class.path" value="C:\Users\oleksandr.chulkin\AppData\Local\Temp\surefire4238183524476546001\surefirebooter-20250904215729216_3.jar"/>
    <property name="user.script" value=""/>
    <property name="sun.management.compiler" value="HotSpot 64-Bit Tiered Compilers"/>
    <property name="java.runtime.version" value="21.0.6+7-LTS"/>
    <property name="user.name" value="oleksandr.chulkin"/>
    <property name="stdout.encoding" value="Cp1252"/>
    <property name="path.separator" value=";"/>
    <property name="os.version" value="10.0"/>
    <property name="java.runtime.name" value="OpenJDK Runtime Environment"/>
    <property name="file.encoding" value="UTF-8"/>
    <property name="java.vm.name" value="OpenJDK 64-Bit Server VM"/>
    <property name="java.vendor.version" value="Temurin-21.0.6+7"/>
    <property name="localRepository" value="C:\Users\oleksandr.chulkin\.m2\repository"/>
    <property name="java.vendor.url.bug" value="https://github.com/adoptium/adoptium-support/issues"/>
    <property name="java.io.tmpdir" value="C:\Users\OLEKSA~1.CHU\AppData\Local\Temp\"/>
    <property name="idea.version" value="2024.3.2.2"/>
    <property name="java.version" value="21.0.6"/>
    <property name="user.dir" value="C:\Users\oleksandr.chulkin\Documents\repo\modfac"/>
    <property name="os.arch" value="amd64"/>
    <property name="java.vm.specification.name" value="Java Virtual Machine Specification"/>
    <property name="PID" value="42336"/>
    <property name="sun.os.patch.level" value=""/>
    <property name="CONSOLE_LOG_CHARSET" value="UTF-8"/>
    <property name="native.encoding" value="Cp1252"/>
    <property name="java.library.path" value="C:\Users\oleksandr.chulkin\AppData\Local\Programs\Eclipse Adoptium\jdk-21.0.6.7-hotspot\bin;C:\Windows\Sun\Java\bin;C:\Windows\system32;C:\Windows;C:\Windows\system32;C:\Windows;C:\Windows\System32\Wbem;C:\Windows\System32\WindowsPowerShell\v1.0\;C:\Windows\System32\OpenSSH\;C:\Program Files\dotnet\;C:\Program Files (x86)\NVIDIA Corporation\PhysX\Common;C:\Program Files\nodejs\;C:\ProgramData\chocolatey\bin;C:\Users\oleksandr.chulkin\AppData\Local\Programs\Python\Python311\Scripts\;C:\Users\oleksandr.chulkin\AppData\Local\Programs\Python\Python311\;C:\Users\oleksandr.chulkin\AppData\Local\Programs\Eclipse Adoptium\jdk-21.0.6.7-hotspot\bin;C:\Users\oleksandr.chulkin\AppData\Local\Programs\Python\Launcher\;C:\Users\oleksandr.chulkin\AppData\Local\Microsoft\WindowsApps;C:\Users\oleksandr.chulkin\AppData\Local\Programs\mongosh\;C:\Program Files\JetBrains\IntelliJ IDEA Community Edition 2024.3.2.2\bin;;C:\Users\oleksandr.chulkin\AppData\Local\Programs\Microsoft VS Code\bin;C:\Users\oleksandr.chulkin\AppData\Roaming\npm;C:\Program Files\apache-maven-3.9.9\bin;;."/>
    <property name="java.vm.info" value="mixed mode, sharing"/>
    <property name="stderr.encoding" value="Cp1252"/>
    <property name="java.vendor" value="Eclipse Adoptium"/>
    <property name="java.vm.version" value="21.0.6+7-LTS"/>
    <property name="sun.io.unicode.encoding" value="UnicodeLittle"/>
    <property name="java.class.version" value="65.0"/>
  </properties>
  <testcase name="capture_ShouldRollbackWhenLeaveUpdateFails" classname="com.example.modfac.service.MainServiceIntegrationTest" time="0.984">
    <system-out><![CDATA[2025-09-04T21:58:24.418+03:00  INFO 42336 --- [           main] t.c.s.AnnotationConfigContextLoaderUtils : Could not detect default configuration classes for test class [com.example.modfac.service.MainServiceIntegrationTest]: MainServiceIntegrationTest does not declare any static, non-private, non-final, nested classes annotated with @Configuration.
2025-09-04T21:58:24.427+03:00  INFO 42336 --- [           main] .b.t.c.SpringBootTestContextBootstrapper : Found @SpringBootConfiguration com.example.modfac.ModfacApplication for test class com.example.modfac.service.MainServiceIntegrationTest

  .   ____          _            __ _ _
 /\\ / ___'_ __ _ _(_)_ __  __ _ \ \ \ \
( ( )\___ | '_ | '_| | '_ \/ _` | \ \ \ \
 \\/  ___)| |_)| | | | | || (_| |  ) ) ) )
  '  |____| .__|_| |_|_| |_\__, | / / / /
 =========|_|==============|___/=/_/_/_/

 :: Spring Boot ::                (v3.4.4)

2025-09-04T21:58:24.437+03:00  INFO 42336 --- [           main] c.e.m.s.MainServiceIntegrationTest       : Starting MainServiceIntegrationTest using Java 21.0.6 with PID 42336 (started by oleksandr.chulkin in C:\Users\oleksandr.chulkin\Documents\repo\modfac)
2025-09-04T21:58:24.438+03:00  INFO 42336 --- [           main] c.e.m.s.MainServiceIntegrationTest       : No active profile set, falling back to 1 default profile: "default"
2025-09-04T21:58:24.518+03:00  INFO 42336 --- [           main] .s.d.r.c.RepositoryConfigurationDelegate : Bootstrapping Spring Data MongoDB repositories in DEFAULT mode.
2025-09-04T21:58:24.544+03:00  INFO 42336 --- [           main] .s.d.r.c.RepositoryConfigurationDelegate : Finished Spring Data repository scanning in 25 ms. Found 3 MongoDB repository interfaces.
2025-09-04T21:58:24.584+03:00  INFO 42336 --- [           main] org.mongodb.driver.client                : MongoClient with metadata {"application": {"name": "myAtlasClusterEDU"}, "driver": {"name": "mongo-java-driver|sync|spring-boot", "version": "5.2.1"}, "os": {"type": "Windows", "name": "Windows 11", "architecture": "amd64", "version": "10.0"}, "platform": "Java/Eclipse Adoptium/21.0.6+7-LTS"} created with settings MongoClientSettings{readPreference=primary, writeConcern=WriteConcern{w=majority, wTimeout=null ms, journal=null}, retryWrites=true, retryReads=true, readConcern=ReadConcern{level=null}, credential=MongoCredential{mechanism=null, userName='user', source='admin', password=<hidden>, mechanismProperties=<hidden>}, transportSettings=null, commandListeners=[], codecRegistry=ProvidersCodecRegistry{codecProviders=[ValueCodecProvider{}, BsonValueCodecProvider{}, DBRefCodecProvider{}, DBObjectCodecProvider{}, DocumentCodecProvider{}, CollectionCodecProvider{}, IterableCodecProvider{}, MapCodecProvider{}, GeoJsonCodecProvider{}, GridFSFileCodecProvider{}, Jsr310CodecProvider{}, JsonObjectCodecProvider{}, BsonCodecProvider{}, EnumCodecProvider{}, com.mongodb.client.model.mql.ExpressionCodecProvider@48928b57, com.mongodb.Jep395RecordCodecProvider@29088be1, com.mongodb.KotlinCodecProvider@1c09bb7a]}, loggerSettings=LoggerSettings{maxDocumentLength=1000}, clusterSettings={hosts=[127.0.0.1:27017], srvHost=pstt.vnida.mongodb.net, srvServiceName=mongodb, mode=MULTIPLE, requiredClusterType=REPLICA_SET, requiredReplicaSetName='atlas-vhs6cs-shard-0', serverSelector='null', clusterListeners='[]', serverSelectionTimeout='30000 ms', localThreshold='15 ms'}, socketSettings=SocketSettings{connectTimeoutMS=10000, readTimeoutMS=0, receiveBufferSize=0, proxySettings=ProxySettings{host=null, port=null, username=null, password=null}}, heartbeatSocketSettings=SocketSettings{connectTimeoutMS=10000, readTimeoutMS=10000, receiveBufferSize=0, proxySettings=ProxySettings{host=null, port=null, username=null, password=null}}, connectionPoolSettings=ConnectionPoolSettings{maxSize=100, minSize=0, maxWaitTimeMS=120000, maxConnectionLifeTimeMS=0, maxConnectionIdleTimeMS=0, maintenanceInitialDelayMS=0, maintenanceFrequencyMS=60000, connectionPoolListeners=[], maxConnecting=2}, serverSettings=ServerSettings{heartbeatFrequencyMS=10000, minHeartbeatFrequencyMS=500, serverMonitoringMode=AUTO, serverListeners='[]', serverMonitorListeners='[]'}, sslSettings=SslSettings{enabled=true, invalidHostNameAllowed=false, context=null}, applicationName='myAtlasClusterEDU', compressorList=[], uuidRepresentation=JAVA_LEGACY, serverApi=null, autoEncryptionSettings=null, dnsClient=null, inetAddressResolver=null, contextProvider=null, timeoutMS=null}
2025-09-04T21:58:24.595+03:00  INFO 42336 --- [ida.mongodb.net] org.mongodb.driver.cluster               : Adding discovered server pstt-shard-00-01.vnida.mongodb.net:27017 to client view of cluster
2025-09-04T21:58:24.596+03:00  INFO 42336 --- [ida.mongodb.net] org.mongodb.driver.cluster               : Adding discovered server pstt-shard-00-00.vnida.mongodb.net:27017 to client view of cluster
2025-09-04T21:58:24.597+03:00  INFO 42336 --- [ida.mongodb.net] org.mongodb.driver.cluster               : Adding discovered server pstt-shard-00-02.vnida.mongodb.net:27017 to client view of cluster
2025-09-04T21:58:24.606+03:00  INFO 42336 --- [           main] org.mongodb.driver.cluster               : Waiting for server to become available for operation with ID 318. Remaining time: 29999 ms. Selector: WritableServerSelector, topology description: {type=REPLICA_SET, servers=[{address=pstt-shard-00-00.vnida.mongodb.net:27017, type=UNKNOWN, state=CONNECTING}, {address=pstt-shard-00-01.vnida.mongodb.net:27017, type=UNKNOWN, state=CONNECTING}, {address=pstt-shard-00-02.vnida.mongodb.net:27017, type=UNKNOWN, state=CONNECTING}].
2025-09-04T21:58:24.805+03:00  INFO 42336 --- [ngodb.net:27017] org.mongodb.driver.cluster               : Monitor thread successfully connected to server with description ServerDescription{address=pstt-shard-00-01.vnida.mongodb.net:27017, type=REPLICA_SET_PRIMARY, cryptd=false, state=CONNECTED, ok=true, minWireVersion=0, maxWireVersion=25, maxDocumentSize=16777216, logicalSessionTimeoutMinutes=30, roundTripTimeNanos=139164700, minRoundTripTimeNanos=0, setName='atlas-vhs6cs-shard-0', canonicalAddress=pstt-shard-00-01.vnida.mongodb.net:27017, hosts=[pstt-shard-00-02.vnida.mongodb.net:27017, pstt-shard-00-00.vnida.mongodb.net:27017, pstt-shard-00-01.vnida.mongodb.net:27017], passives=[], arbiters=[], primary='pstt-shard-00-01.vnida.mongodb.net:27017', tagSet=TagSet{[Tag{name='availabilityZone', value='euw1-az2'}, Tag{name='diskState', value='READY'}, Tag{name='nodeType', value='ELECTABLE'}, Tag{name='provider', value='AWS'}, Tag{name='region', value='EU_WEST_1'}, Tag{name='workloadType', value='OPERATIONAL'}]}, electionId=7fffffff000000000000014d, setVersion=147, topologyVersion=TopologyVersion{processId=68b858ff473a156782756b34, counter=6}, lastWriteDate=Thu Sep 04 21:58:24 EEST 2025, lastUpdateTimeNanos=130094941720900}
2025-09-04T21:58:24.807+03:00  INFO 42336 --- [ngodb.net:27017] org.mongodb.driver.cluster               : Discovered replica set primary pstt-shard-00-01.vnida.mongodb.net:27017 with max election id 7fffffff000000000000014d and max set version 147
2025-09-04T21:58:24.808+03:00  INFO 42336 --- [ngodb.net:27017] org.mongodb.driver.cluster               : Monitor thread successfully connected to server with description ServerDescription{address=pstt-shard-00-02.vnida.mongodb.net:27017, type=REPLICA_SET_SECONDARY, cryptd=false, state=CONNECTED, ok=true, minWireVersion=0, maxWireVersion=25, maxDocumentSize=16777216, logicalSessionTimeoutMinutes=30, roundTripTimeNanos=138461500, minRoundTripTimeNanos=0, setName='atlas-vhs6cs-shard-0', canonicalAddress=pstt-shard-00-02.vnida.mongodb.net:27017, hosts=[pstt-shard-00-02.vnida.mongodb.net:27017, pstt-shard-00-00.vnida.mongodb.net:27017, pstt-shard-00-01.vnida.mongodb.net:27017], passives=[], arbiters=[], primary='pstt-shard-00-01.vnida.mongodb.net:27017', tagSet=TagSet{[Tag{name='availabilityZone', value='euw1-az3'}, Tag{name='diskState', value='READY'}, Tag{name='nodeType', value='ELECTABLE'}, Tag{name='provider', value='AWS'}, Tag{name='region', value='EU_WEST_1'}, Tag{name='workloadType', value='OPERATIONAL'}]}, electionId=null, setVersion=147, topologyVersion=TopologyVersion{processId=68b859396df152a897b48f35, counter=3}, lastWriteDate=Thu Sep 04 21:58:24 EEST 2025, lastUpdateTimeNanos=130094944406900}
2025-09-04T21:58:24.817+03:00  INFO 42336 --- [ngodb.net:27017] org.mongodb.driver.cluster               : Monitor thread successfully connected to server with description ServerDescription{address=pstt-shard-00-00.vnida.mongodb.net:27017, type=REPLICA_SET_SECONDARY, cryptd=false, state=CONNECTED, ok=true, minWireVersion=0, maxWireVersion=25, maxDocumentSize=16777216, logicalSessionTimeoutMinutes=30, roundTripTimeNanos=145809800, minRoundTripTimeNanos=0, setName='atlas-vhs6cs-shard-0', canonicalAddress=pstt-shard-00-00.vnida.mongodb.net:27017, hosts=[pstt-shard-00-02.vnida.mongodb.net:27017, pstt-shard-00-00.vnida.mongodb.net:27017, pstt-shard-00-01.vnida.mongodb.net:27017], passives=[], arbiters=[], primary='pstt-shard-00-01.vnida.mongodb.net:27017', tagSet=TagSet{[Tag{name='availabilityZone', value='euw1-az1'}, Tag{name='diskState', value='READY'}, Tag{name='nodeType', value='ELECTABLE'}, Tag{name='provider', value='AWS'}, Tag{name='region', value='EU_WEST_1'}, Tag{name='workloadType', value='OPERATIONAL'}]}, electionId=null, setVersion=147, topologyVersion=TopologyVersion{processId=68b858c53e3723c5fc10f731, counter=4}, lastWriteDate=Thu Sep 04 21:58:24 EEST 2025, lastUpdateTimeNanos=130094953555700}
2025-09-04T21:58:25.564+03:00  WARN 42336 --- [           main] c.e.modfac.config.MongoDBIndexConfig     : Atlas Search is not supported on the connected MongoDB cluster: Command failed with error 59 (CommandNotFound): 'command not found' on server pstt-shard-00-01.vnida.mongodb.net:27017. The full response is {"ok": 0, "errmsg": "command not found", "code": 59, "codeName": "CommandNotFound"}
2025-09-04T21:58:25.564+03:00  INFO 42336 --- [           main] c.e.modfac.config.MongoDBIndexConfig     : Skipping Atlas Search index creation as the cluster does not support it.
2025-09-04T21:58:25.621+03:00  INFO 42336 --- [           main] r$InitializeUserDetailsManagerConfigurer : Global AuthenticationManager configured with UserDetailsService bean with name customUserDetailsService
2025-09-04T21:58:25.653+03:00 DEBUG 42336 --- [           main] o.s.s.web.DefaultSecurityFilterChain     : Will secure any request with filters: DisableEncodeUrlFilter, WebAsyncManagerIntegrationFilter, SecurityContextHolderFilter, HeaderWriterFilter, CorsFilter, LogoutFilter, JwtAuthenticationFilter, RequestCacheAwareFilter, SecurityContextHolderAwareRequestFilter, AnonymousAuthenticationFilter, SessionManagementFilter, ExceptionTranslationFilter, AuthorizationFilter
2025-09-04T21:58:25.691+03:00  INFO 42336 --- [           main] c.e.m.s.MainServiceIntegrationTest       : Started MainServiceIntegrationTest in 1.263 seconds (process running for 56.233)
2025-09-04T21:58:26.012+03:00  INFO 42336 --- [           main] com.example.modfac.service.MainService   : Processing leave request for employee ID: 68b9e151206cb139ee1e97f9, type: PTO
2025-09-04T21:58:26.159+03:00  WARN 42336 --- [           main] c.example.modfac.service.LeaveService    : Requested 6 days but only 1 available
]]></system-out>
  </testcase>
  <testcase name="capture_ShouldCreateLeaveAndUpdateBalance" classname="com.example.modfac.service.MainServiceIntegrationTest" time="0.996">
    <system-out><![CDATA[
  .   ____          _            __ _ _
 /\\ / ___'_ __ _ _(_)_ __  __ _ \ \ \ \
( ( )\___ | '_ | '_| | '_ \/ _` | \ \ \ \
 \\/  ___)| |_)| | | | | || (_| |  ) ) ) )
  '  |____| .__|_| |_|_| |_\__, | / / / /
 =========|_|==============|___/=/_/_/_/

 :: Spring Boot ::                (v3.4.4)

2025-09-04T21:58:26.700+03:00  INFO 42336 --- [           main] c.e.m.s.MainServiceIntegrationTest       : Starting MainServiceIntegrationTest using Java 21.0.6 with PID 42336 (started by oleksandr.chulkin in C:\Users\oleksandr.chulkin\Documents\repo\modfac)
2025-09-04T21:58:26.700+03:00  INFO 42336 --- [           main] c.e.m.s.MainServiceIntegrationTest       : No active profile set, falling back to 1 default profile: "default"
2025-09-04T21:58:26.775+03:00  INFO 42336 --- [           main] .s.d.r.c.RepositoryConfigurationDelegate : Bootstrapping Spring Data MongoDB repositories in DEFAULT mode.
2025-09-04T21:58:26.794+03:00  INFO 42336 --- [           main] .s.d.r.c.RepositoryConfigurationDelegate : Finished Spring Data repository scanning in 17 ms. Found 3 MongoDB repository interfaces.
2025-09-04T21:58:26.853+03:00  INFO 42336 --- [           main] org.mongodb.driver.client                : MongoClient with metadata {"application": {"name": "myAtlasClusterEDU"}, "driver": {"name": "mongo-java-driver|sync|spring-boot", "version": "5.2.1"}, "os": {"type": "Windows", "name": "Windows 11", "architecture": "amd64", "version": "10.0"}, "platform": "Java/Eclipse Adoptium/21.0.6+7-LTS"} created with settings MongoClientSettings{readPreference=primary, writeConcern=WriteConcern{w=majority, wTimeout=null ms, journal=null}, retryWrites=true, retryReads=true, readConcern=ReadConcern{level=null}, credential=MongoCredential{mechanism=null, userName='user', source='admin', password=<hidden>, mechanismProperties=<hidden>}, transportSettings=null, commandListeners=[], codecRegistry=ProvidersCodecRegistry{codecProviders=[ValueCodecProvider{}, BsonValueCodecProvider{}, DBRefCodecProvider{}, DBObjectCodecProvider{}, DocumentCodecProvider{}, CollectionCodecProvider{}, IterableCodecProvider{}, MapCodecProvider{}, GeoJsonCodecProvider{}, GridFSFileCodecProvider{}, Jsr310CodecProvider{}, JsonObjectCodecProvider{}, BsonCodecProvider{}, EnumCodecProvider{}, com.mongodb.client.model.mql.ExpressionCodecProvider@48928b57, com.mongodb.Jep395RecordCodecProvider@29088be1, com.mongodb.KotlinCodecProvider@1c09bb7a]}, loggerSettings=LoggerSettings{maxDocumentLength=1000}, clusterSettings={hosts=[127.0.0.1:27017], srvHost=pstt.vnida.mongodb.net, srvServiceName=mongodb, mode=MULTIPLE, requiredClusterType=REPLICA_SET, requiredReplicaSetName='atlas-vhs6cs-shard-0', serverSelector='null', clusterListeners='[]', serverSelectionTimeout='30000 ms', localThreshold='15 ms'}, socketSettings=SocketSettings{connectTimeoutMS=10000, readTimeoutMS=0, receiveBufferSize=0, proxySettings=ProxySettings{host=null, port=null, username=null, password=null}}, heartbeatSocketSettings=SocketSettings{connectTimeoutMS=10000, readTimeoutMS=10000, receiveBufferSize=0, proxySettings=ProxySettings{host=null, port=null, username=null, password=null}}, connectionPoolSettings=ConnectionPoolSettings{maxSize=100, minSize=0, maxWaitTimeMS=120000, maxConnectionLifeTimeMS=0, maxConnectionIdleTimeMS=0, maintenanceInitialDelayMS=0, maintenanceFrequencyMS=60000, connectionPoolListeners=[], maxConnecting=2}, serverSettings=ServerSettings{heartbeatFrequencyMS=10000, minHeartbeatFrequencyMS=500, serverMonitoringMode=AUTO, serverListeners='[]', serverMonitorListeners='[]'}, sslSettings=SslSettings{enabled=true, invalidHostNameAllowed=false, context=null}, applicationName='myAtlasClusterEDU', compressorList=[], uuidRepresentation=JAVA_LEGACY, serverApi=null, autoEncryptionSettings=null, dnsClient=null, inetAddressResolver=null, contextProvider=null, timeoutMS=null}
2025-09-04T21:58:26.867+03:00  INFO 42336 --- [ida.mongodb.net] org.mongodb.driver.cluster               : Adding discovered server pstt-shard-00-01.vnida.mongodb.net:27017 to client view of cluster
2025-09-04T21:58:26.868+03:00  INFO 42336 --- [ida.mongodb.net] org.mongodb.driver.cluster               : Adding discovered server pstt-shard-00-00.vnida.mongodb.net:27017 to client view of cluster
2025-09-04T21:58:26.869+03:00  INFO 42336 --- [ida.mongodb.net] org.mongodb.driver.cluster               : Adding discovered server pstt-shard-00-02.vnida.mongodb.net:27017 to client view of cluster
2025-09-04T21:58:26.893+03:00  INFO 42336 --- [           main] org.mongodb.driver.cluster               : Waiting for server to become available for operation with ID 344. Remaining time: 29999 ms. Selector: WritableServerSelector, topology description: {type=REPLICA_SET, servers=[{address=pstt-shard-00-00.vnida.mongodb.net:27017, type=UNKNOWN, state=CONNECTING}, {address=pstt-shard-00-01.vnida.mongodb.net:27017, type=UNKNOWN, state=CONNECTING}, {address=pstt-shard-00-02.vnida.mongodb.net:27017, type=UNKNOWN, state=CONNECTING}].
2025-09-04T21:58:27.075+03:00  INFO 42336 --- [ngodb.net:27017] org.mongodb.driver.cluster               : Monitor thread successfully connected to server with description ServerDescription{address=pstt-shard-00-00.vnida.mongodb.net:27017, type=REPLICA_SET_SECONDARY, cryptd=false, state=CONNECTED, ok=true, minWireVersion=0, maxWireVersion=25, maxDocumentSize=16777216, logicalSessionTimeoutMinutes=30, roundTripTimeNanos=138173800, minRoundTripTimeNanos=0, setName='atlas-vhs6cs-shard-0', canonicalAddress=pstt-shard-00-00.vnida.mongodb.net:27017, hosts=[pstt-shard-00-02.vnida.mongodb.net:27017, pstt-shard-00-00.vnida.mongodb.net:27017, pstt-shard-00-01.vnida.mongodb.net:27017], passives=[], arbiters=[], primary='pstt-shard-00-01.vnida.mongodb.net:27017', tagSet=TagSet{[Tag{name='availabilityZone', value='euw1-az1'}, Tag{name='diskState', value='READY'}, Tag{name='nodeType', value='ELECTABLE'}, Tag{name='provider', value='AWS'}, Tag{name='region', value='EU_WEST_1'}, Tag{name='workloadType', value='OPERATIONAL'}]}, electionId=null, setVersion=147, topologyVersion=TopologyVersion{processId=68b858c53e3723c5fc10f731, counter=4}, lastWriteDate=Thu Sep 04 21:58:27 EEST 2025, lastUpdateTimeNanos=130097212349600}
2025-09-04T21:58:27.078+03:00  INFO 42336 --- [ngodb.net:27017] org.mongodb.driver.cluster               : Monitor thread successfully connected to server with description ServerDescription{address=pstt-shard-00-01.vnida.mongodb.net:27017, type=REPLICA_SET_PRIMARY, cryptd=false, state=CONNECTED, ok=true, minWireVersion=0, maxWireVersion=25, maxDocumentSize=16777216, logicalSessionTimeoutMinutes=30, roundTripTimeNanos=138735100, minRoundTripTimeNanos=0, setName='atlas-vhs6cs-shard-0', canonicalAddress=pstt-shard-00-01.vnida.mongodb.net:27017, hosts=[pstt-shard-00-02.vnida.mongodb.net:27017, pstt-shard-00-00.vnida.mongodb.net:27017, pstt-shard-00-01.vnida.mongodb.net:27017], passives=[], arbiters=[], primary='pstt-shard-00-01.vnida.mongodb.net:27017', tagSet=TagSet{[Tag{name='availabilityZone', value='euw1-az2'}, Tag{name='diskState', value='READY'}, Tag{name='nodeType', value='ELECTABLE'}, Tag{name='provider', value='AWS'}, Tag{name='region', value='EU_WEST_1'}, Tag{name='workloadType', value='OPERATIONAL'}]}, electionId=7fffffff000000000000014d, setVersion=147, topologyVersion=TopologyVersion{processId=68b858ff473a156782756b34, counter=6}, lastWriteDate=Thu Sep 04 21:58:27 EEST 2025, lastUpdateTimeNanos=130097213922800}
2025-09-04T21:58:27.079+03:00  INFO 42336 --- [ngodb.net:27017] org.mongodb.driver.cluster               : Discovered replica set primary pstt-shard-00-01.vnida.mongodb.net:27017 with max election id 7fffffff000000000000014d and max set version 147
2025-09-04T21:58:27.084+03:00  INFO 42336 --- [ngodb.net:27017] org.mongodb.driver.cluster               : Monitor thread successfully connected to server with description ServerDescription{address=pstt-shard-00-02.vnida.mongodb.net:27017, type=REPLICA_SET_SECONDARY, cryptd=false, state=CONNECTED, ok=true, minWireVersion=0, maxWireVersion=25, maxDocumentSize=16777216, logicalSessionTimeoutMinutes=30, roundTripTimeNanos=144164700, minRoundTripTimeNanos=0, setName='atlas-vhs6cs-shard-0', canonicalAddress=pstt-shard-00-02.vnida.mongodb.net:27017, hosts=[pstt-shard-00-02.vnida.mongodb.net:27017, pstt-shard-00-00.vnida.mongodb.net:27017, pstt-shard-00-01.vnida.mongodb.net:27017], passives=[], arbiters=[], primary='pstt-shard-00-01.vnida.mongodb.net:27017', tagSet=TagSet{[Tag{name='availabilityZone', value='euw1-az3'}, Tag{name='diskState', value='READY'}, Tag{name='nodeType', value='ELECTABLE'}, Tag{name='provider', value='AWS'}, Tag{name='region', value='EU_WEST_1'}, Tag{name='workloadType', value='OPERATIONAL'}]}, electionId=null, setVersion=147, topologyVersion=TopologyVersion{processId=68b859396df152a897b48f35, counter=3}, lastWriteDate=Thu Sep 04 21:58:27 EEST 2025, lastUpdateTimeNanos=130097220972100}
2025-09-04T21:58:27.817+03:00  WARN 42336 --- [           main] c.e.modfac.config.MongoDBIndexConfig     : Atlas Search is not supported on the connected MongoDB cluster: Command failed with error 59 (CommandNotFound): 'command not found' on server pstt-shard-00-01.vnida.mongodb.net:27017. The full response is {"ok": 0, "errmsg": "command not found", "code": 59, "codeName": "CommandNotFound"}
2025-09-04T21:58:27.818+03:00  INFO 42336 --- [           main] c.e.modfac.config.MongoDBIndexConfig     : Skipping Atlas Search index creation as the cluster does not support it.
2025-09-04T21:58:27.894+03:00  INFO 42336 --- [           main] r$InitializeUserDetailsManagerConfigurer : Global AuthenticationManager configured with UserDetailsService bean with name customUserDetailsService
2025-09-04T21:58:27.925+03:00 DEBUG 42336 --- [           main] o.s.s.web.DefaultSecurityFilterChain     : Will secure any request with filters: DisableEncodeUrlFilter, WebAsyncManagerIntegrationFilter, SecurityContextHolderFilter, HeaderWriterFilter, CorsFilter, LogoutFilter, JwtAuthenticationFilter, RequestCacheAwareFilter, SecurityContextHolderAwareRequestFilter, AnonymousAuthenticationFilter, SessionManagementFilter, ExceptionTranslationFilter, AuthorizationFilter
2025-09-04T21:58:27.979+03:00  INFO 42336 --- [           main] c.e.m.s.MainServiceIntegrationTest       : Started MainServiceIntegrationTest in 1.301 seconds (process running for 58.521)
2025-09-04T21:58:28.221+03:00  INFO 42336 --- [           main] com.example.modfac.service.MainService   : Processing leave request for employee ID: 68b9e154206cb139ee1e97fd, type: PTO
2025-09-04T21:58:28.446+03:00  INFO 42336 --- [           main] c.example.modfac.service.LeaveService    : Leave request processed successfully with ID: 68b9e154206cb139ee1e97fe
]]></system-out>
  </testcase>
  <testcase name="onboard_ShouldThrowWhenNonAdminUser" classname="com.example.modfac.service.MainServiceIntegrationTest" time="0.687">
    <system-out><![CDATA[
  .   ____          _            __ _ _
 /\\ / ___'_ __ _ _(_)_ __  __ _ \ \ \ \
( ( )\___ | '_ | '_| | '_ \/ _` | \ \ \ \
 \\/  ___)| |_)| | | | | || (_| |  ) ) ) )
  '  |____| .__|_| |_|_| |_\__, | / / / /
 =========|_|==============|___/=/_/_/_/

 :: Spring Boot ::                (v3.4.4)

2025-09-04T21:58:29.001+03:00  INFO 42336 --- [           main] c.e.m.s.MainServiceIntegrationTest       : Starting MainServiceIntegrationTest using Java 21.0.6 with PID 42336 (started by oleksandr.chulkin in C:\Users\oleksandr.chulkin\Documents\repo\modfac)
2025-09-04T21:58:29.001+03:00  INFO 42336 --- [           main] c.e.m.s.MainServiceIntegrationTest       : No active profile set, falling back to 1 default profile: "default"
2025-09-04T21:58:29.101+03:00  INFO 42336 --- [           main] .s.d.r.c.RepositoryConfigurationDelegate : Bootstrapping Spring Data MongoDB repositories in DEFAULT mode.
2025-09-04T21:58:29.120+03:00  INFO 42336 --- [           main] .s.d.r.c.RepositoryConfigurationDelegate : Finished Spring Data repository scanning in 17 ms. Found 3 MongoDB repository interfaces.
2025-09-04T21:58:29.166+03:00  INFO 42336 --- [           main] org.mongodb.driver.client                : MongoClient with metadata {"application": {"name": "myAtlasClusterEDU"}, "driver": {"name": "mongo-java-driver|sync|spring-boot", "version": "5.2.1"}, "os": {"type": "Windows", "name": "Windows 11", "architecture": "amd64", "version": "10.0"}, "platform": "Java/Eclipse Adoptium/21.0.6+7-LTS"} created with settings MongoClientSettings{readPreference=primary, writeConcern=WriteConcern{w=majority, wTimeout=null ms, journal=null}, retryWrites=true, retryReads=true, readConcern=ReadConcern{level=null}, credential=MongoCredential{mechanism=null, userName='user', source='admin', password=<hidden>, mechanismProperties=<hidden>}, transportSettings=null, commandListeners=[], codecRegistry=ProvidersCodecRegistry{codecProviders=[ValueCodecProvider{}, BsonValueCodecProvider{}, DBRefCodecProvider{}, DBObjectCodecProvider{}, DocumentCodecProvider{}, CollectionCodecProvider{}, IterableCodecProvider{}, MapCodecProvider{}, GeoJsonCodecProvider{}, GridFSFileCodecProvider{}, Jsr310CodecProvider{}, JsonObjectCodecProvider{}, BsonCodecProvider{}, EnumCodecProvider{}, com.mongodb.client.model.mql.ExpressionCodecProvider@48928b57, com.mongodb.Jep395RecordCodecProvider@29088be1, com.mongodb.KotlinCodecProvider@1c09bb7a]}, loggerSettings=LoggerSettings{maxDocumentLength=1000}, clusterSettings={hosts=[127.0.0.1:27017], srvHost=pstt.vnida.mongodb.net, srvServiceName=mongodb, mode=MULTIPLE, requiredClusterType=REPLICA_SET, requiredReplicaSetName='atlas-vhs6cs-shard-0', serverSelector='null', clusterListeners='[]', serverSelectionTimeout='30000 ms', localThreshold='15 ms'}, socketSettings=SocketSettings{connectTimeoutMS=10000, readTimeoutMS=0, receiveBufferSize=0, proxySettings=ProxySettings{host=null, port=null, username=null, password=null}}, heartbeatSocketSettings=SocketSettings{connectTimeoutMS=10000, readTimeoutMS=10000, receiveBufferSize=0, proxySettings=ProxySettings{host=null, port=null, username=null, password=null}}, connectionPoolSettings=ConnectionPoolSettings{maxSize=100, minSize=0, maxWaitTimeMS=120000, maxConnectionLifeTimeMS=0, maxConnectionIdleTimeMS=0, maintenanceInitialDelayMS=0, maintenanceFrequencyMS=60000, connectionPoolListeners=[], maxConnecting=2}, serverSettings=ServerSettings{heartbeatFrequencyMS=10000, minHeartbeatFrequencyMS=500, serverMonitoringMode=AUTO, serverListeners='[]', serverMonitorListeners='[]'}, sslSettings=SslSettings{enabled=true, invalidHostNameAllowed=false, context=null}, applicationName='myAtlasClusterEDU', compressorList=[], uuidRepresentation=JAVA_LEGACY, serverApi=null, autoEncryptionSettings=null, dnsClient=null, inetAddressResolver=null, contextProvider=null, timeoutMS=null}
2025-09-04T21:58:29.181+03:00  INFO 42336 --- [ida.mongodb.net] org.mongodb.driver.cluster               : Adding discovered server pstt-shard-00-01.vnida.mongodb.net:27017 to client view of cluster
2025-09-04T21:58:29.183+03:00  INFO 42336 --- [ida.mongodb.net] org.mongodb.driver.cluster               : Adding discovered server pstt-shard-00-00.vnida.mongodb.net:27017 to client view of cluster
2025-09-04T21:58:29.183+03:00  INFO 42336 --- [ida.mongodb.net] org.mongodb.driver.cluster               : Adding discovered server pstt-shard-00-02.vnida.mongodb.net:27017 to client view of cluster
2025-09-04T21:58:29.196+03:00  INFO 42336 --- [           main] org.mongodb.driver.cluster               : Waiting for server to become available for operation with ID 370. Remaining time: 29999 ms. Selector: WritableServerSelector, topology description: {type=REPLICA_SET, servers=[{address=pstt-shard-00-00.vnida.mongodb.net:27017, type=UNKNOWN, state=CONNECTING}, {address=pstt-shard-00-01.vnida.mongodb.net:27017, type=UNKNOWN, state=CONNECTING}, {address=pstt-shard-00-02.vnida.mongodb.net:27017, type=UNKNOWN, state=CONNECTING}].
2025-09-04T21:58:29.385+03:00  INFO 42336 --- [ngodb.net:27017] org.mongodb.driver.cluster               : Monitor thread successfully connected to server with description ServerDescription{address=pstt-shard-00-00.vnida.mongodb.net:27017, type=REPLICA_SET_SECONDARY, cryptd=false, state=CONNECTED, ok=true, minWireVersion=0, maxWireVersion=25, maxDocumentSize=16777216, logicalSessionTimeoutMinutes=30, roundTripTimeNanos=134553700, minRoundTripTimeNanos=0, setName='atlas-vhs6cs-shard-0', canonicalAddress=pstt-shard-00-00.vnida.mongodb.net:27017, hosts=[pstt-shard-00-02.vnida.mongodb.net:27017, pstt-shard-00-00.vnida.mongodb.net:27017, pstt-shard-00-01.vnida.mongodb.net:27017], passives=[], arbiters=[], primary='pstt-shard-00-01.vnida.mongodb.net:27017', tagSet=TagSet{[Tag{name='availabilityZone', value='euw1-az1'}, Tag{name='diskState', value='READY'}, Tag{name='nodeType', value='ELECTABLE'}, Tag{name='provider', value='AWS'}, Tag{name='region', value='EU_WEST_1'}, Tag{name='workloadType', value='OPERATIONAL'}]}, electionId=null, setVersion=147, topologyVersion=TopologyVersion{processId=68b858c53e3723c5fc10f731, counter=4}, lastWriteDate=Thu Sep 04 21:58:29 EEST 2025, lastUpdateTimeNanos=130099521046900}
2025-09-04T21:58:29.391+03:00  INFO 42336 --- [ngodb.net:27017] org.mongodb.driver.cluster               : Monitor thread successfully connected to server with description ServerDescription{address=pstt-shard-00-02.vnida.mongodb.net:27017, type=REPLICA_SET_SECONDARY, cryptd=false, state=CONNECTED, ok=true, minWireVersion=0, maxWireVersion=25, maxDocumentSize=16777216, logicalSessionTimeoutMinutes=30, roundTripTimeNanos=137684700, minRoundTripTimeNanos=0, setName='atlas-vhs6cs-shard-0', canonicalAddress=pstt-shard-00-02.vnida.mongodb.net:27017, hosts=[pstt-shard-00-02.vnida.mongodb.net:27017, pstt-shard-00-00.vnida.mongodb.net:27017, pstt-shard-00-01.vnida.mongodb.net:27017], passives=[], arbiters=[], primary='pstt-shard-00-01.vnida.mongodb.net:27017', tagSet=TagSet{[Tag{name='availabilityZone', value='euw1-az3'}, Tag{name='diskState', value='READY'}, Tag{name='nodeType', value='ELECTABLE'}, Tag{name='provider', value='AWS'}, Tag{name='region', value='EU_WEST_1'}, Tag{name='workloadType', value='OPERATIONAL'}]}, electionId=null, setVersion=147, topologyVersion=TopologyVersion{processId=68b859396df152a897b48f35, counter=3}, lastWriteDate=Thu Sep 04 21:58:29 EEST 2025, lastUpdateTimeNanos=130099526473400}
2025-09-04T21:58:29.400+03:00  INFO 42336 --- [ngodb.net:27017] org.mongodb.driver.cluster               : Monitor thread successfully connected to server with description ServerDescription{address=pstt-shard-00-01.vnida.mongodb.net:27017, type=REPLICA_SET_PRIMARY, cryptd=false, state=CONNECTED, ok=true, minWireVersion=0, maxWireVersion=25, maxDocumentSize=16777216, logicalSessionTimeoutMinutes=30, roundTripTimeNanos=145259800, minRoundTripTimeNanos=0, setName='atlas-vhs6cs-shard-0', canonicalAddress=pstt-shard-00-01.vnida.mongodb.net:27017, hosts=[pstt-shard-00-02.vnida.mongodb.net:27017, pstt-shard-00-00.vnida.mongodb.net:27017, pstt-shard-00-01.vnida.mongodb.net:27017], passives=[], arbiters=[], primary='pstt-shard-00-01.vnida.mongodb.net:27017', tagSet=TagSet{[Tag{name='availabilityZone', value='euw1-az2'}, Tag{name='diskState', value='READY'}, Tag{name='nodeType', value='ELECTABLE'}, Tag{name='provider', value='AWS'}, Tag{name='region', value='EU_WEST_1'}, Tag{name='workloadType', value='OPERATIONAL'}]}, electionId=7fffffff000000000000014d, setVersion=147, topologyVersion=TopologyVersion{processId=68b858ff473a156782756b34, counter=6}, lastWriteDate=Thu Sep 04 21:58:29 EEST 2025, lastUpdateTimeNanos=130099536145900}
2025-09-04T21:58:29.401+03:00  INFO 42336 --- [ngodb.net:27017] org.mongodb.driver.cluster               : Discovered replica set primary pstt-shard-00-01.vnida.mongodb.net:27017 with max election id 7fffffff000000000000014d and max set version 147
2025-09-04T21:58:30.089+03:00  WARN 42336 --- [           main] c.e.modfac.config.MongoDBIndexConfig     : Atlas Search is not supported on the connected MongoDB cluster: Command failed with error 59 (CommandNotFound): 'command not found' on server pstt-shard-00-01.vnida.mongodb.net:27017. The full response is {"ok": 0, "errmsg": "command not found", "code": 59, "codeName": "CommandNotFound"}
2025-09-04T21:58:30.089+03:00  INFO 42336 --- [           main] c.e.modfac.config.MongoDBIndexConfig     : Skipping Atlas Search index creation as the cluster does not support it.
2025-09-04T21:58:30.172+03:00  INFO 42336 --- [           main] r$InitializeUserDetailsManagerConfigurer : Global AuthenticationManager configured with UserDetailsService bean with name customUserDetailsService
2025-09-04T21:58:30.199+03:00 DEBUG 42336 --- [           main] o.s.s.web.DefaultSecurityFilterChain     : Will secure any request with filters: DisableEncodeUrlFilter, WebAsyncManagerIntegrationFilter, SecurityContextHolderFilter, HeaderWriterFilter, CorsFilter, LogoutFilter, JwtAuthenticationFilter, RequestCacheAwareFilter, SecurityContextHolderAwareRequestFilter, AnonymousAuthenticationFilter, SessionManagementFilter, ExceptionTranslationFilter, AuthorizationFilter
2025-09-04T21:58:30.236+03:00  INFO 42336 --- [           main] c.e.m.s.MainServiceIntegrationTest       : Started MainServiceIntegrationTest in 1.258 seconds (process running for 60.778)
2025-09-04T21:58:30.549+03:00  INFO 42336 --- [           main] com.example.modfac.service.MainService   : Processing onboarding for employee: Test Employee
2025-09-04T21:58:30.621+03:00  WARN 42336 --- [           main] com.example.modfac.service.UserService   : Unauthorized attempt to create employee by user: user
]]></system-out>
  </testcase>
  <testcase name="onboard_ShouldCreateEmployeeWhenAdminUser" classname="com.example.modfac.service.MainServiceIntegrationTest" time="0.825">
    <system-out><![CDATA[
  .   ____          _            __ _ _
 /\\ / ___'_ __ _ _(_)_ __  __ _ \ \ \ \
( ( )\___ | '_ | '_| | '_ \/ _` | \ \ \ \
 \\/  ___)| |_)| | | | | || (_| |  ) ) ) )
  '  |____| .__|_| |_|_| |_\__, | / / / /
 =========|_|==============|___/=/_/_/_/

 :: Spring Boot ::                (v3.4.4)

2025-09-04T21:58:30.948+03:00  INFO 42336 --- [           main] c.e.m.s.MainServiceIntegrationTest       : Starting MainServiceIntegrationTest using Java 21.0.6 with PID 42336 (started by oleksandr.chulkin in C:\Users\oleksandr.chulkin\Documents\repo\modfac)
2025-09-04T21:58:30.948+03:00  INFO 42336 --- [           main] c.e.m.s.MainServiceIntegrationTest       : No active profile set, falling back to 1 default profile: "default"
2025-09-04T21:58:31.021+03:00  INFO 42336 --- [           main] .s.d.r.c.RepositoryConfigurationDelegate : Bootstrapping Spring Data MongoDB repositories in DEFAULT mode.
2025-09-04T21:58:31.043+03:00  INFO 42336 --- [           main] .s.d.r.c.RepositoryConfigurationDelegate : Finished Spring Data repository scanning in 20 ms. Found 3 MongoDB repository interfaces.
2025-09-04T21:58:31.089+03:00  INFO 42336 --- [           main] org.mongodb.driver.client                : MongoClient with metadata {"application": {"name": "myAtlasClusterEDU"}, "driver": {"name": "mongo-java-driver|sync|spring-boot", "version": "5.2.1"}, "os": {"type": "Windows", "name": "Windows 11", "architecture": "amd64", "version": "10.0"}, "platform": "Java/Eclipse Adoptium/21.0.6+7-LTS"} created with settings MongoClientSettings{readPreference=primary, writeConcern=WriteConcern{w=majority, wTimeout=null ms, journal=null}, retryWrites=true, retryReads=true, readConcern=ReadConcern{level=null}, credential=MongoCredential{mechanism=null, userName='user', source='admin', password=<hidden>, mechanismProperties=<hidden>}, transportSettings=null, commandListeners=[], codecRegistry=ProvidersCodecRegistry{codecProviders=[ValueCodecProvider{}, BsonValueCodecProvider{}, DBRefCodecProvider{}, DBObjectCodecProvider{}, DocumentCodecProvider{}, CollectionCodecProvider{}, IterableCodecProvider{}, MapCodecProvider{}, GeoJsonCodecProvider{}, GridFSFileCodecProvider{}, Jsr310CodecProvider{}, JsonObjectCodecProvider{}, BsonCodecProvider{}, EnumCodecProvider{}, com.mongodb.client.model.mql.ExpressionCodecProvider@48928b57, com.mongodb.Jep395RecordCodecProvider@29088be1, com.mongodb.KotlinCodecProvider@1c09bb7a]}, loggerSettings=LoggerSettings{maxDocumentLength=1000}, clusterSettings={hosts=[127.0.0.1:27017], srvHost=pstt.vnida.mongodb.net, srvServiceName=mongodb, mode=MULTIPLE, requiredClusterType=REPLICA_SET, requiredReplicaSetName='atlas-vhs6cs-shard-0', serverSelector='null', clusterListeners='[]', serverSelectionTimeout='30000 ms', localThreshold='15 ms'}, socketSettings=SocketSettings{connectTimeoutMS=10000, readTimeoutMS=0, receiveBufferSize=0, proxySettings=ProxySettings{host=null, port=null, username=null, password=null}}, heartbeatSocketSettings=SocketSettings{connectTimeoutMS=10000, readTimeoutMS=10000, receiveBufferSize=0, proxySettings=ProxySettings{host=null, port=null, username=null, password=null}}, connectionPoolSettings=ConnectionPoolSettings{maxSize=100, minSize=0, maxWaitTimeMS=120000, maxConnectionLifeTimeMS=0, maxConnectionIdleTimeMS=0, maintenanceInitialDelayMS=0, maintenanceFrequencyMS=60000, connectionPoolListeners=[], maxConnecting=2}, serverSettings=ServerSettings{heartbeatFrequencyMS=10000, minHeartbeatFrequencyMS=500, serverMonitoringMode=AUTO, serverListeners='[]', serverMonitorListeners='[]'}, sslSettings=SslSettings{enabled=true, invalidHostNameAllowed=false, context=null}, applicationName='myAtlasClusterEDU', compressorList=[], uuidRepresentation=JAVA_LEGACY, serverApi=null, autoEncryptionSettings=null, dnsClient=null, inetAddressResolver=null, contextProvider=null, timeoutMS=null}
2025-09-04T21:58:31.103+03:00  INFO 42336 --- [ida.mongodb.net] org.mongodb.driver.cluster               : Adding discovered server pstt-shard-00-01.vnida.mongodb.net:27017 to client view of cluster
2025-09-04T21:58:31.104+03:00  INFO 42336 --- [ida.mongodb.net] org.mongodb.driver.cluster               : Adding discovered server pstt-shard-00-00.vnida.mongodb.net:27017 to client view of cluster
2025-09-04T21:58:31.105+03:00  INFO 42336 --- [ida.mongodb.net] org.mongodb.driver.cluster               : Adding discovered server pstt-shard-00-02.vnida.mongodb.net:27017 to client view of cluster
2025-09-04T21:58:31.116+03:00  INFO 42336 --- [           main] org.mongodb.driver.cluster               : Waiting for server to become available for operation with ID 398. Remaining time: 29999 ms. Selector: WritableServerSelector, topology description: {type=REPLICA_SET, servers=[{address=pstt-shard-00-00.vnida.mongodb.net:27017, type=UNKNOWN, state=CONNECTING}, {address=pstt-shard-00-01.vnida.mongodb.net:27017, type=UNKNOWN, state=CONNECTING}, {address=pstt-shard-00-02.vnida.mongodb.net:27017, type=UNKNOWN, state=CONNECTING}].
2025-09-04T21:58:31.303+03:00  INFO 42336 --- [ngodb.net:27017] org.mongodb.driver.cluster               : Monitor thread successfully connected to server with description ServerDescription{address=pstt-shard-00-00.vnida.mongodb.net:27017, type=REPLICA_SET_SECONDARY, cryptd=false, state=CONNECTED, ok=true, minWireVersion=0, maxWireVersion=25, maxDocumentSize=16777216, logicalSessionTimeoutMinutes=30, roundTripTimeNanos=130407100, minRoundTripTimeNanos=0, setName='atlas-vhs6cs-shard-0', canonicalAddress=pstt-shard-00-00.vnida.mongodb.net:27017, hosts=[pstt-shard-00-02.vnida.mongodb.net:27017, pstt-shard-00-00.vnida.mongodb.net:27017, pstt-shard-00-01.vnida.mongodb.net:27017], passives=[], arbiters=[], primary='pstt-shard-00-01.vnida.mongodb.net:27017', tagSet=TagSet{[Tag{name='availabilityZone', value='euw1-az1'}, Tag{name='diskState', value='READY'}, Tag{name='nodeType', value='ELECTABLE'}, Tag{name='provider', value='AWS'}, Tag{name='region', value='EU_WEST_1'}, Tag{name='workloadType', value='OPERATIONAL'}]}, electionId=null, setVersion=147, topologyVersion=TopologyVersion{processId=68b858c53e3723c5fc10f731, counter=4}, lastWriteDate=Thu Sep 04 21:58:31 EEST 2025, lastUpdateTimeNanos=130101440439500}
2025-09-04T21:58:31.311+03:00  INFO 42336 --- [ngodb.net:27017] org.mongodb.driver.cluster               : Monitor thread successfully connected to server with description ServerDescription{address=pstt-shard-00-02.vnida.mongodb.net:27017, type=REPLICA_SET_SECONDARY, cryptd=false, state=CONNECTED, ok=true, minWireVersion=0, maxWireVersion=25, maxDocumentSize=16777216, logicalSessionTimeoutMinutes=30, roundTripTimeNanos=135656800, minRoundTripTimeNanos=0, setName='atlas-vhs6cs-shard-0', canonicalAddress=pstt-shard-00-02.vnida.mongodb.net:27017, hosts=[pstt-shard-00-02.vnida.mongodb.net:27017, pstt-shard-00-00.vnida.mongodb.net:27017, pstt-shard-00-01.vnida.mongodb.net:27017], passives=[], arbiters=[], primary='pstt-shard-00-01.vnida.mongodb.net:27017', tagSet=TagSet{[Tag{name='availabilityZone', value='euw1-az3'}, Tag{name='diskState', value='READY'}, Tag{name='nodeType', value='ELECTABLE'}, Tag{name='provider', value='AWS'}, Tag{name='region', value='EU_WEST_1'}, Tag{name='workloadType', value='OPERATIONAL'}]}, electionId=null, setVersion=147, topologyVersion=TopologyVersion{processId=68b859396df152a897b48f35, counter=3}, lastWriteDate=Thu Sep 04 21:58:31 EEST 2025, lastUpdateTimeNanos=130101447334100}
2025-09-04T21:58:31.325+03:00  INFO 42336 --- [ngodb.net:27017] org.mongodb.driver.cluster               : Monitor thread successfully connected to server with description ServerDescription{address=pstt-shard-00-01.vnida.mongodb.net:27017, type=REPLICA_SET_PRIMARY, cryptd=false, state=CONNECTED, ok=true, minWireVersion=0, maxWireVersion=25, maxDocumentSize=16777216, logicalSessionTimeoutMinutes=30, roundTripTimeNanos=146533400, minRoundTripTimeNanos=0, setName='atlas-vhs6cs-shard-0', canonicalAddress=pstt-shard-00-01.vnida.mongodb.net:27017, hosts=[pstt-shard-00-02.vnida.mongodb.net:27017, pstt-shard-00-00.vnida.mongodb.net:27017, pstt-shard-00-01.vnida.mongodb.net:27017], passives=[], arbiters=[], primary='pstt-shard-00-01.vnida.mongodb.net:27017', tagSet=TagSet{[Tag{name='availabilityZone', value='euw1-az2'}, Tag{name='diskState', value='READY'}, Tag{name='nodeType', value='ELECTABLE'}, Tag{name='provider', value='AWS'}, Tag{name='region', value='EU_WEST_1'}, Tag{name='workloadType', value='OPERATIONAL'}]}, electionId=7fffffff000000000000014d, setVersion=147, topologyVersion=TopologyVersion{processId=68b858ff473a156782756b34, counter=6}, lastWriteDate=Thu Sep 04 21:58:31 EEST 2025, lastUpdateTimeNanos=130101462264000}
2025-09-04T21:58:31.327+03:00  INFO 42336 --- [ngodb.net:27017] org.mongodb.driver.cluster               : Discovered replica set primary pstt-shard-00-01.vnida.mongodb.net:27017 with max election id 7fffffff000000000000014d and max set version 147
2025-09-04T21:58:32.030+03:00  WARN 42336 --- [           main] c.e.modfac.config.MongoDBIndexConfig     : Atlas Search is not supported on the connected MongoDB cluster: Command failed with error 59 (CommandNotFound): 'command not found' on server pstt-shard-00-01.vnida.mongodb.net:27017. The full response is {"ok": 0, "errmsg": "command not found", "code": 59, "codeName": "CommandNotFound"}
2025-09-04T21:58:32.030+03:00  INFO 42336 --- [           main] c.e.modfac.config.MongoDBIndexConfig     : Skipping Atlas Search index creation as the cluster does not support it.
2025-09-04T21:58:32.083+03:00  INFO 42336 --- [           main] r$InitializeUserDetailsManagerConfigurer : Global AuthenticationManager configured with UserDetailsService bean with name customUserDetailsService
2025-09-04T21:58:32.115+03:00 DEBUG 42336 --- [           main] o.s.s.web.DefaultSecurityFilterChain     : Will secure any request with filters: DisableEncodeUrlFilter, WebAsyncManagerIntegrationFilter, SecurityContextHolderFilter, HeaderWriterFilter, CorsFilter, LogoutFilter, JwtAuthenticationFilter, RequestCacheAwareFilter, SecurityContextHolderAwareRequestFilter, AnonymousAuthenticationFilter, SessionManagementFilter, ExceptionTranslationFilter, AuthorizationFilter
2025-09-04T21:58:32.164+03:00  INFO 42336 --- [           main] c.e.m.s.MainServiceIntegrationTest       : Started MainServiceIntegrationTest in 1.239 seconds (process running for 62.707)
2025-09-04T21:58:32.397+03:00  INFO 42336 --- [           main] com.example.modfac.service.MainService   : Processing onboarding for employee: Test Employee
2025-09-04T21:58:32.613+03:00  INFO 42336 --- [           main] c.e.modfac.service.EmployeeService       : Creating new employee record
2025-09-04T21:58:32.690+03:00  INFO 42336 --- [           main] c.e.modfac.service.EmployeeService       : Employee created successfully with ID: 68b9e158206cb139ee1e9808
]]></system-out>
  </testcase>
  <testcase name="capture_ShouldThrowWhenManagerMismatch" classname="com.example.modfac.service.MainServiceIntegrationTest" time="0.784">
    <system-out><![CDATA[
  .   ____          _            __ _ _
 /\\ / ___'_ __ _ _(_)_ __  __ _ \ \ \ \
( ( )\___ | '_ | '_| | '_ \/ _` | \ \ \ \
 \\/  ___)| |_)| | | | | || (_| |  ) ) ) )
  '  |____| .__|_| |_|_| |_\__, | / / / /
 =========|_|==============|___/=/_/_/_/

 :: Spring Boot ::                (v3.4.4)

2025-09-04T21:58:33.013+03:00  INFO 42336 --- [           main] c.e.m.s.MainServiceIntegrationTest       : Starting MainServiceIntegrationTest using Java 21.0.6 with PID 42336 (started by oleksandr.chulkin in C:\Users\oleksandr.chulkin\Documents\repo\modfac)
2025-09-04T21:58:33.013+03:00  INFO 42336 --- [           main] c.e.m.s.MainServiceIntegrationTest       : No active profile set, falling back to 1 default profile: "default"
2025-09-04T21:58:33.111+03:00  INFO 42336 --- [           main] .s.d.r.c.RepositoryConfigurationDelegate : Bootstrapping Spring Data MongoDB repositories in DEFAULT mode.
2025-09-04T21:58:33.136+03:00  INFO 42336 --- [           main] .s.d.r.c.RepositoryConfigurationDelegate : Finished Spring Data repository scanning in 24 ms. Found 3 MongoDB repository interfaces.
2025-09-04T21:58:33.192+03:00  INFO 42336 --- [           main] org.mongodb.driver.client                : MongoClient with metadata {"application": {"name": "myAtlasClusterEDU"}, "driver": {"name": "mongo-java-driver|sync|spring-boot", "version": "5.2.1"}, "os": {"type": "Windows", "name": "Windows 11", "architecture": "amd64", "version": "10.0"}, "platform": "Java/Eclipse Adoptium/21.0.6+7-LTS"} created with settings MongoClientSettings{readPreference=primary, writeConcern=WriteConcern{w=majority, wTimeout=null ms, journal=null}, retryWrites=true, retryReads=true, readConcern=ReadConcern{level=null}, credential=MongoCredential{mechanism=null, userName='user', source='admin', password=<hidden>, mechanismProperties=<hidden>}, transportSettings=null, commandListeners=[], codecRegistry=ProvidersCodecRegistry{codecProviders=[ValueCodecProvider{}, BsonValueCodecProvider{}, DBRefCodecProvider{}, DBObjectCodecProvider{}, DocumentCodecProvider{}, CollectionCodecProvider{}, IterableCodecProvider{}, MapCodecProvider{}, GeoJsonCodecProvider{}, GridFSFileCodecProvider{}, Jsr310CodecProvider{}, JsonObjectCodecProvider{}, BsonCodecProvider{}, EnumCodecProvider{}, com.mongodb.client.model.mql.ExpressionCodecProvider@48928b57, com.mongodb.Jep395RecordCodecProvider@29088be1, com.mongodb.KotlinCodecProvider@1c09bb7a]}, loggerSettings=LoggerSettings{maxDocumentLength=1000}, clusterSettings={hosts=[127.0.0.1:27017], srvHost=pstt.vnida.mongodb.net, srvServiceName=mongodb, mode=MULTIPLE, requiredClusterType=REPLICA_SET, requiredReplicaSetName='atlas-vhs6cs-shard-0', serverSelector='null', clusterListeners='[]', serverSelectionTimeout='30000 ms', localThreshold='15 ms'}, socketSettings=SocketSettings{connectTimeoutMS=10000, readTimeoutMS=0, receiveBufferSize=0, proxySettings=ProxySettings{host=null, port=null, username=null, password=null}}, heartbeatSocketSettings=SocketSettings{connectTimeoutMS=10000, readTimeoutMS=10000, receiveBufferSize=0, proxySettings=ProxySettings{host=null, port=null, username=null, password=null}}, connectionPoolSettings=ConnectionPoolSettings{maxSize=100, minSize=0, maxWaitTimeMS=120000, maxConnectionLifeTimeMS=0, maxConnectionIdleTimeMS=0, maintenanceInitialDelayMS=0, maintenanceFrequencyMS=60000, connectionPoolListeners=[], maxConnecting=2}, serverSettings=ServerSettings{heartbeatFrequencyMS=10000, minHeartbeatFrequencyMS=500, serverMonitoringMode=AUTO, serverListeners='[]', serverMonitorListeners='[]'}, sslSettings=SslSettings{enabled=true, invalidHostNameAllowed=false, context=null}, applicationName='myAtlasClusterEDU', compressorList=[], uuidRepresentation=JAVA_LEGACY, serverApi=null, autoEncryptionSettings=null, dnsClient=null, inetAddressResolver=null, contextProvider=null, timeoutMS=null}
2025-09-04T21:58:33.205+03:00  INFO 42336 --- [ida.mongodb.net] org.mongodb.driver.cluster               : Adding discovered server pstt-shard-00-01.vnida.mongodb.net:27017 to client view of cluster
2025-09-04T21:58:33.207+03:00  INFO 42336 --- [ida.mongodb.net] org.mongodb.driver.cluster               : Adding discovered server pstt-shard-00-00.vnida.mongodb.net:27017 to client view of cluster
2025-09-04T21:58:33.208+03:00  INFO 42336 --- [ida.mongodb.net] org.mongodb.driver.cluster               : Adding discovered server pstt-shard-00-02.vnida.mongodb.net:27017 to client view of cluster
2025-09-04T21:58:33.213+03:00  INFO 42336 --- [           main] org.mongodb.driver.cluster               : Waiting for server to become available for operation with ID 422. Remaining time: 29999 ms. Selector: WritableServerSelector, topology description: {type=REPLICA_SET, servers=[{address=pstt-shard-00-00.vnida.mongodb.net:27017, type=UNKNOWN, state=CONNECTING}, {address=pstt-shard-00-01.vnida.mongodb.net:27017, type=UNKNOWN, state=CONNECTING}, {address=pstt-shard-00-02.vnida.mongodb.net:27017, type=UNKNOWN, state=CONNECTING}].
2025-09-04T21:58:33.418+03:00  INFO 42336 --- [ngodb.net:27017] org.mongodb.driver.cluster               : Monitor thread successfully connected to server with description ServerDescription{address=pstt-shard-00-00.vnida.mongodb.net:27017, type=REPLICA_SET_SECONDARY, cryptd=false, state=CONNECTED, ok=true, minWireVersion=0, maxWireVersion=25, maxDocumentSize=16777216, logicalSessionTimeoutMinutes=30, roundTripTimeNanos=139217900, minRoundTripTimeNanos=0, setName='atlas-vhs6cs-shard-0', canonicalAddress=pstt-shard-00-00.vnida.mongodb.net:27017, hosts=[pstt-shard-00-02.vnida.mongodb.net:27017, pstt-shard-00-00.vnida.mongodb.net:27017, pstt-shard-00-01.vnida.mongodb.net:27017], passives=[], arbiters=[], primary='pstt-shard-00-01.vnida.mongodb.net:27017', tagSet=TagSet{[Tag{name='availabilityZone', value='euw1-az1'}, Tag{name='diskState', value='READY'}, Tag{name='nodeType', value='ELECTABLE'}, Tag{name='provider', value='AWS'}, Tag{name='region', value='EU_WEST_1'}, Tag{name='workloadType', value='OPERATIONAL'}]}, electionId=null, setVersion=147, topologyVersion=TopologyVersion{processId=68b858c53e3723c5fc10f731, counter=4}, lastWriteDate=Thu Sep 04 21:58:33 EEST 2025, lastUpdateTimeNanos=130103554329500}
2025-09-04T21:58:33.419+03:00  INFO 42336 --- [ngodb.net:27017] org.mongodb.driver.cluster               : Monitor thread successfully connected to server with description ServerDescription{address=pstt-shard-00-01.vnida.mongodb.net:27017, type=REPLICA_SET_PRIMARY, cryptd=false, state=CONNECTED, ok=true, minWireVersion=0, maxWireVersion=25, maxDocumentSize=16777216, logicalSessionTimeoutMinutes=30, roundTripTimeNanos=141675100, minRoundTripTimeNanos=0, setName='atlas-vhs6cs-shard-0', canonicalAddress=pstt-shard-00-01.vnida.mongodb.net:27017, hosts=[pstt-shard-00-02.vnida.mongodb.net:27017, pstt-shard-00-00.vnida.mongodb.net:27017, pstt-shard-00-01.vnida.mongodb.net:27017], passives=[], arbiters=[], primary='pstt-shard-00-01.vnida.mongodb.net:27017', tagSet=TagSet{[Tag{name='availabilityZone', value='euw1-az2'}, Tag{name='diskState', value='READY'}, Tag{name='nodeType', value='ELECTABLE'}, Tag{name='provider', value='AWS'}, Tag{name='region', value='EU_WEST_1'}, Tag{name='workloadType', value='OPERATIONAL'}]}, electionId=7fffffff000000000000014d, setVersion=147, topologyVersion=TopologyVersion{processId=68b858ff473a156782756b34, counter=6}, lastWriteDate=Thu Sep 04 21:58:33 EEST 2025, lastUpdateTimeNanos=130103555269800}
2025-09-04T21:58:33.420+03:00  INFO 42336 --- [ngodb.net:27017] org.mongodb.driver.cluster               : Monitor thread successfully connected to server with description ServerDescription{address=pstt-shard-00-02.vnida.mongodb.net:27017, type=REPLICA_SET_SECONDARY, cryptd=false, state=CONNECTED, ok=true, minWireVersion=0, maxWireVersion=25, maxDocumentSize=16777216, logicalSessionTimeoutMinutes=30, roundTripTimeNanos=139963300, minRoundTripTimeNanos=0, setName='atlas-vhs6cs-shard-0', canonicalAddress=pstt-shard-00-02.vnida.mongodb.net:27017, hosts=[pstt-shard-00-02.vnida.mongodb.net:27017, pstt-shard-00-00.vnida.mongodb.net:27017, pstt-shard-00-01.vnida.mongodb.net:27017], passives=[], arbiters=[], primary='pstt-shard-00-01.vnida.mongodb.net:27017', tagSet=TagSet{[Tag{name='availabilityZone', value='euw1-az3'}, Tag{name='diskState', value='READY'}, Tag{name='nodeType', value='ELECTABLE'}, Tag{name='provider', value='AWS'}, Tag{name='region', value='EU_WEST_1'}, Tag{name='workloadType', value='OPERATIONAL'}]}, electionId=null, setVersion=147, topologyVersion=TopologyVersion{processId=68b859396df152a897b48f35, counter=3}, lastWriteDate=Thu Sep 04 21:58:33 EEST 2025, lastUpdateTimeNanos=130103554509800}
2025-09-04T21:58:33.421+03:00  INFO 42336 --- [ngodb.net:27017] org.mongodb.driver.cluster               : Discovered replica set primary pstt-shard-00-01.vnida.mongodb.net:27017 with max election id 7fffffff000000000000014d and max set version 147
2025-09-04T21:58:34.130+03:00  WARN 42336 --- [           main] c.e.modfac.config.MongoDBIndexConfig     : Atlas Search is not supported on the connected MongoDB cluster: Command failed with error 59 (CommandNotFound): 'command not found' on server pstt-shard-00-01.vnida.mongodb.net:27017. The full response is {"ok": 0, "errmsg": "command not found", "code": 59, "codeName": "CommandNotFound"}
2025-09-04T21:58:34.130+03:00  INFO 42336 --- [           main] c.e.modfac.config.MongoDBIndexConfig     : Skipping Atlas Search index creation as the cluster does not support it.
2025-09-04T21:58:34.187+03:00  INFO 42336 --- [           main] r$InitializeUserDetailsManagerConfigurer : Global AuthenticationManager configured with UserDetailsService bean with name customUserDetailsService
2025-09-04T21:58:34.220+03:00 DEBUG 42336 --- [           main] o.s.s.web.DefaultSecurityFilterChain     : Will secure any request with filters: DisableEncodeUrlFilter, WebAsyncManagerIntegrationFilter, SecurityContextHolderFilter, HeaderWriterFilter, CorsFilter, LogoutFilter, JwtAuthenticationFilter, RequestCacheAwareFilter, SecurityContextHolderAwareRequestFilter, AnonymousAuthenticationFilter, SessionManagementFilter, ExceptionTranslationFilter, AuthorizationFilter
2025-09-04T21:58:34.282+03:00  INFO 42336 --- [           main] c.e.m.s.MainServiceIntegrationTest       : Started MainServiceIntegrationTest in 1.289 seconds (process running for 64.823)
2025-09-04T21:58:34.612+03:00  INFO 42336 --- [           main] com.example.modfac.service.MainService   : Processing leave request for employee ID: 68b9e15a206cb139ee1e980c, type: PTO
]]></system-out>
  </testcase>
</testsuite>