<?xml version="1.0" encoding="UTF-8"?>
<testsuite xmlns:xsi="http://www.w3.org/2001/XMLSchema-instance" xsi:noNamespaceSchemaLocation="https://maven.apache.org/surefire/maven-surefire-plugin/xsd/surefire-test-report.xsd" version="3.0.2" name="com.example.modfac.service.MainServiceIntegrationTest" time="10.724" tests="5" errors="0" skipped="0" failures="0">
  <properties>
    <property name="java.specification.version" value="21"/>
    <property name="sun.cpu.isalist" value="amd64"/>
    <property name="sun.jnu.encoding" value="Cp1252"/>
    <property name="java.class.path" value="C:\Users\oleksandr.chulkin\Documents\repo\modfac\target\test-classes;C:\Users\oleksandr.chulkin\Documents\repo\modfac\target\classes;C:\Users\oleksandr.chulkin\.m2\repository\org\springframework\boot\spring-boot-starter-hateoas\3.4.4\spring-boot-starter-hateoas-3.4.4.jar;C:\Users\oleksandr.chulkin\.m2\repository\org\springframework\hateoas\spring-hateoas\2.4.1\spring-hateoas-2.4.1.jar;C:\Users\oleksandr.chulkin\.m2\repository\org\springframework\spring-beans\6.2.5\spring-beans-6.2.5.jar;C:\Users\oleksandr.chulkin\.m2\repository\org\springframework\spring-context\6.2.5\spring-context-6.2.5.jar;C:\Users\oleksandr.chulkin\.m2\repository\org\springframework\plugin\spring-plugin-core\3.0.0\spring-plugin-core-3.0.0.jar;C:\Users\oleksandr.chulkin\.m2\repository\org\slf4j\slf4j-api\2.0.17\slf4j-api-2.0.17.jar;C:\Users\oleksandr.chulkin\.m2\repository\org\springframework\boot\spring-boot-starter-web\3.4.4\spring-boot-starter-web-3.4.4.jar;C:\Users\oleksandr.chulkin\.m2\repository\org\springframework\boot\spring-boot-starter\3.4.4\spring-boot-starter-3.4.4.jar;C:\Users\oleksandr.chulkin\.m2\repository\org\springframework\boot\spring-boot\3.4.4\spring-boot-3.4.4.jar;C:\Users\oleksandr.chulkin\.m2\repository\org\springframework\boot\spring-boot-autoconfigure\3.4.4\spring-boot-autoconfigure-3.4.4.jar;C:\Users\oleksandr.chulkin\.m2\repository\org\springframework\boot\spring-boot-starter-logging\3.4.4\spring-boot-starter-logging-3.4.4.jar;C:\Users\oleksandr.chulkin\.m2\repository\ch\qos\logback\logback-classic\1.5.18\logback-classic-1.5.18.jar;C:\Users\oleksandr.chulkin\.m2\repository\ch\qos\logback\logback-core\1.5.18\logback-core-1.5.18.jar;C:\Users\oleksandr.chulkin\.m2\repository\org\apache\logging\log4j\log4j-to-slf4j\2.24.3\log4j-to-slf4j-2.24.3.jar;C:\Users\oleksandr.chulkin\.m2\repository\org\apache\logging\log4j\log4j-api\2.24.3\log4j-api-2.24.3.jar;C:\Users\oleksandr.chulkin\.m2\repository\org\slf4j\jul-to-slf4j\2.0.17\jul-to-slf4j-2.0.17.jar;C:\Users\oleksandr.chulkin\.m2\repository\jakarta\annotation\jakarta.annotation-api\2.1.1\jakarta.annotation-api-2.1.1.jar;C:\Users\oleksandr.chulkin\.m2\repository\org\yaml\snakeyaml\2.3\snakeyaml-2.3.jar;C:\Users\oleksandr.chulkin\.m2\repository\org\springframework\boot\spring-boot-starter-json\3.4.4\spring-boot-starter-json-3.4.4.jar;C:\Users\oleksandr.chulkin\.m2\repository\com\fasterxml\jackson\core\jackson-databind\2.18.3\jackson-databind-2.18.3.jar;C:\Users\oleksandr.chulkin\.m2\repository\com\fasterxml\jackson\core\jackson-annotations\2.18.3\jackson-annotations-2.18.3.jar;C:\Users\oleksandr.chulkin\.m2\repository\com\fasterxml\jackson\core\jackson-core\2.18.3\jackson-core-2.18.3.jar;C:\Users\oleksandr.chulkin\.m2\repository\com\fasterxml\jackson\datatype\jackson-datatype-jdk8\2.18.3\jackson-datatype-jdk8-2.18.3.jar;C:\Users\oleksandr.chulkin\.m2\repository\com\fasterxml\jackson\datatype\jackson-datatype-jsr310\2.18.3\jackson-datatype-jsr310-2.18.3.jar;C:\Users\oleksandr.chulkin\.m2\repository\com\fasterxml\jackson\module\jackson-module-parameter-names\2.18.3\jackson-module-parameter-names-2.18.3.jar;C:\Users\oleksandr.chulkin\.m2\repository\org\springframework\boot\spring-boot-starter-tomcat\3.4.4\spring-boot-starter-tomcat-3.4.4.jar;C:\Users\oleksandr.chulkin\.m2\repository\org\apache\tomcat\embed\tomcat-embed-core\10.1.39\tomcat-embed-core-10.1.39.jar;C:\Users\oleksandr.chulkin\.m2\repository\org\apache\tomcat\embed\tomcat-embed-websocket\10.1.39\tomcat-embed-websocket-10.1.39.jar;C:\Users\oleksandr.chulkin\.m2\repository\org\springframework\spring-web\6.2.5\spring-web-6.2.5.jar;C:\Users\oleksandr.chulkin\.m2\repository\io\micrometer\micrometer-observation\1.14.5\micrometer-observation-1.14.5.jar;C:\Users\oleksandr.chulkin\.m2\repository\io\micrometer\micrometer-commons\1.14.5\micrometer-commons-1.14.5.jar;C:\Users\oleksandr.chulkin\.m2\repository\org\springframework\spring-webmvc\6.2.5\spring-webmvc-6.2.5.jar;C:\Users\oleksandr.chulkin\.m2\repository\org\springframework\spring-expression\6.2.5\spring-expression-6.2.5.jar;C:\Users\oleksandr.chulkin\.m2\repository\org\springframework\boot\spring-boot-starter-security\3.4.4\spring-boot-starter-security-3.4.4.jar;C:\Users\oleksandr.chulkin\.m2\repository\org\springframework\spring-aop\6.2.5\spring-aop-6.2.5.jar;C:\Users\oleksandr.chulkin\.m2\repository\org\springframework\security\spring-security-config\6.4.4\spring-security-config-6.4.4.jar;C:\Users\oleksandr.chulkin\.m2\repository\org\springframework\security\spring-security-web\6.4.4\spring-security-web-6.4.4.jar;C:\Users\oleksandr.chulkin\.m2\repository\org\springframework\boot\spring-boot-starter-validation\3.4.4\spring-boot-starter-validation-3.4.4.jar;C:\Users\oleksandr.chulkin\.m2\repository\org\apache\tomcat\embed\tomcat-embed-el\10.1.39\tomcat-embed-el-10.1.39.jar;C:\Users\oleksandr.chulkin\.m2\repository\org\hibernate\validator\hibernate-validator\8.0.2.Final\hibernate-validator-8.0.2.Final.jar;C:\Users\oleksandr.chulkin\.m2\repository\jakarta\validation\jakarta.validation-api\3.0.2\jakarta.validation-api-3.0.2.jar;C:\Users\oleksandr.chulkin\.m2\repository\org\jboss\logging\jboss-logging\3.6.1.Final\jboss-logging-3.6.1.Final.jar;C:\Users\oleksandr.chulkin\.m2\repository\com\fasterxml\classmate\1.7.0\classmate-1.7.0.jar;C:\Users\oleksandr.chulkin\.m2\repository\io\jsonwebtoken\jjwt\0.12.6\jjwt-0.12.6.jar;C:\Users\oleksandr.chulkin\.m2\repository\io\jsonwebtoken\jjwt-api\0.12.6\jjwt-api-0.12.6.jar;C:\Users\oleksandr.chulkin\.m2\repository\io\jsonwebtoken\jjwt-impl\0.12.6\jjwt-impl-0.12.6.jar;C:\Users\oleksandr.chulkin\.m2\repository\io\jsonwebtoken\jjwt-jackson\0.12.6\jjwt-jackson-0.12.6.jar;C:\Users\oleksandr.chulkin\.m2\repository\com\oracle\database\jdbc\ojdbc11\21.9.0.0\ojdbc11-21.9.0.0.jar;C:\Users\oleksandr.chulkin\.m2\repository\org\projectlombok\lombok\1.18.36\lombok-1.18.36.jar;C:\Users\oleksandr.chulkin\.m2\repository\org\springframework\boot\spring-boot-starter-data-mongodb\3.4.4\spring-boot-starter-data-mongodb-3.4.4.jar;C:\Users\oleksandr.chulkin\.m2\repository\org\mongodb\mongodb-driver-sync\5.2.1\mongodb-driver-sync-5.2.1.jar;C:\Users\oleksandr.chulkin\.m2\repository\org\mongodb\bson\5.2.1\bson-5.2.1.jar;C:\Users\oleksandr.chulkin\.m2\repository\org\mongodb\mongodb-driver-core\5.2.1\mongodb-driver-core-5.2.1.jar;C:\Users\oleksandr.chulkin\.m2\repository\org\mongodb\bson-record-codec\5.2.1\bson-record-codec-5.2.1.jar;C:\Users\oleksandr.chulkin\.m2\repository\org\springframework\data\spring-data-mongodb\4.4.4\spring-data-mongodb-4.4.4.jar;C:\Users\oleksandr.chulkin\.m2\repository\org\springframework\spring-tx\6.2.5\spring-tx-6.2.5.jar;C:\Users\oleksandr.chulkin\.m2\repository\org\springframework\data\spring-data-commons\3.4.4\spring-data-commons-3.4.4.jar;C:\Users\oleksandr.chulkin\.m2\repository\org\springframework\boot\spring-boot-starter-test\3.4.4\spring-boot-starter-test-3.4.4.jar;C:\Users\oleksandr.chulkin\.m2\repository\org\springframework\boot\spring-boot-test\3.4.4\spring-boot-test-3.4.4.jar;C:\Users\oleksandr.chulkin\.m2\repository\org\springframework\boot\spring-boot-test-autoconfigure\3.4.4\spring-boot-test-autoconfigure-3.4.4.jar;C:\Users\oleksandr.chulkin\.m2\repository\com\jayway\jsonpath\json-path\2.9.0\json-path-2.9.0.jar;C:\Users\oleksandr.chulkin\.m2\repository\jakarta\xml\bind\jakarta.xml.bind-api\4.0.2\jakarta.xml.bind-api-4.0.2.jar;C:\Users\oleksandr.chulkin\.m2\repository\jakarta\activation\jakarta.activation-api\2.1.3\jakarta.activation-api-2.1.3.jar;C:\Users\oleksandr.chulkin\.m2\repository\net\minidev\json-smart\2.5.2\json-smart-2.5.2.jar;C:\Users\oleksandr.chulkin\.m2\repository\net\minidev\accessors-smart\2.5.2\accessors-smart-2.5.2.jar;C:\Users\oleksandr.chulkin\.m2\repository\org\ow2\asm\asm\9.7.1\asm-9.7.1.jar;C:\Users\oleksandr.chulkin\.m2\repository\org\awaitility\awaitility\4.2.2\awaitility-4.2.2.jar;C:\Users\oleksandr.chulkin\.m2\repository\org\hamcrest\hamcrest\2.2\hamcrest-2.2.jar;C:\Users\oleksandr.chulkin\.m2\repository\org\junit\jupiter\junit-jupiter\5.11.4\junit-jupiter-5.11.4.jar;C:\Users\oleksandr.chulkin\.m2\repository\org\junit\jupiter\junit-jupiter-params\5.11.4\junit-jupiter-params-5.11.4.jar;C:\Users\oleksandr.chulkin\.m2\repository\org\junit\jupiter\junit-jupiter-engine\5.11.4\junit-jupiter-engine-5.11.4.jar;C:\Users\oleksandr.chulkin\.m2\repository\org\junit\platform\junit-platform-engine\1.11.4\junit-platform-engine-1.11.4.jar;C:\Users\oleksandr.chulkin\.m2\repository\org\skyscreamer\jsonassert\1.5.3\jsonassert-1.5.3.jar;C:\Users\oleksandr.chulkin\.m2\repository\com\vaadin\external\google\android-json\0.0.20131108.vaadin1\android-json-0.0.20131108.vaadin1.jar;C:\Users\oleksandr.chulkin\.m2\repository\org\springframework\spring-core\6.2.5\spring-core-6.2.5.jar;C:\Users\oleksandr.chulkin\.m2\repository\org\springframework\spring-jcl\6.2.5\spring-jcl-6.2.5.jar;C:\Users\oleksandr.chulkin\.m2\repository\org\springframework\spring-test\6.2.5\spring-test-6.2.5.jar;C:\Users\oleksandr.chulkin\.m2\repository\org\xmlunit\xmlunit-core\2.10.0\xmlunit-core-2.10.0.jar;C:\Users\oleksandr.chulkin\.m2\repository\org\springframework\restdocs\spring-restdocs-mockmvc\3.0.3\spring-restdocs-mockmvc-3.0.3.jar;C:\Users\oleksandr.chulkin\.m2\repository\org\springframework\restdocs\spring-restdocs-core\3.0.3\spring-restdocs-core-3.0.3.jar;C:\Users\oleksandr.chulkin\.m2\repository\jakarta\servlet\jakarta.servlet-api\6.0.0\jakarta.servlet-api-6.0.0.jar;C:\Users\oleksandr.chulkin\.m2\repository\org\springframework\security\spring-security-test\6.4.4\spring-security-test-6.4.4.jar;C:\Users\oleksandr.chulkin\.m2\repository\org\springframework\security\spring-security-core\6.4.4\spring-security-core-6.4.4.jar;C:\Users\oleksandr.chulkin\.m2\repository\org\springframework\security\spring-security-crypto\6.4.4\spring-security-crypto-6.4.4.jar;C:\Users\oleksandr.chulkin\.m2\repository\org\mockito\mockito-core\5.3.1\mockito-core-5.3.1.jar;C:\Users\oleksandr.chulkin\.m2\repository\net\bytebuddy\byte-buddy\1.15.11\byte-buddy-1.15.11.jar;C:\Users\oleksandr.chulkin\.m2\repository\net\bytebuddy\byte-buddy-agent\1.15.11\byte-buddy-agent-1.15.11.jar;C:\Users\oleksandr.chulkin\.m2\repository\org\objenesis\objenesis\3.3\objenesis-3.3.jar;C:\Users\oleksandr.chulkin\.m2\repository\org\mockito\mockito-junit-jupiter\5.3.1\mockito-junit-jupiter-5.3.1.jar;C:\Users\oleksandr.chulkin\.m2\repository\org\junit\jupiter\junit-jupiter-api\5.11.4\junit-jupiter-api-5.11.4.jar;C:\Users\oleksandr.chulkin\.m2\repository\org\opentest4j\opentest4j\1.3.0\opentest4j-1.3.0.jar;C:\Users\oleksandr.chulkin\.m2\repository\org\junit\platform\junit-platform-commons\1.11.4\junit-platform-commons-1.11.4.jar;C:\Users\oleksandr.chulkin\.m2\repository\org\apiguardian\apiguardian-api\1.1.2\apiguardian-api-1.1.2.jar;C:\Users\oleksandr.chulkin\.m2\repository\org\assertj\assertj-core\3.24.2\assertj-core-3.24.2.jar;"/>
    <property name="java.vm.vendor" value="Eclipse Adoptium"/>
    <property name="sun.arch.data.model" value="64"/>
    <property name="user.variant" value=""/>
    <property name="java.vendor.url" value="https://adoptium.net/"/>
    <property name="user.timezone" value="Europe/Bucharest"/>
    <property name="org.jboss.logging.provider" value="slf4j"/>
    <property name="os.name" value="Windows 11"/>
    <property name="java.vm.specification.version" value="21"/>
    <property name="sun.java.launcher" value="SUN_STANDARD"/>
    <property name="user.country" value="US"/>
    <property name="sun.boot.library.path" value="C:\Users\oleksandr.chulkin\AppData\Local\Programs\Eclipse Adoptium\jdk-21.0.6.7-hotspot\bin"/>
    <property name="sun.java.command" value="C:\Users\oleksandr.chulkin\AppData\Local\Temp\surefire10721213862680158337\surefirebooter-20250905193748120_3.jar C:\Users\oleksandr.chulkin\AppData\Local\Temp\surefire10721213862680158337 2025-09-05T19-37-47_847-jvmRun1 surefire-20250905193748120_1tmp surefire_0-20250905193748120_2tmp"/>
    <property name="jdk.debug" value="release"/>
    <property name="surefire.test.class.path" value="C:\Users\oleksandr.chulkin\Documents\repo\modfac\target\test-classes;C:\Users\oleksandr.chulkin\Documents\repo\modfac\target\classes;C:\Users\oleksandr.chulkin\.m2\repository\org\springframework\boot\spring-boot-starter-hateoas\3.4.4\spring-boot-starter-hateoas-3.4.4.jar;C:\Users\oleksandr.chulkin\.m2\repository\org\springframework\hateoas\spring-hateoas\2.4.1\spring-hateoas-2.4.1.jar;C:\Users\oleksandr.chulkin\.m2\repository\org\springframework\spring-beans\6.2.5\spring-beans-6.2.5.jar;C:\Users\oleksandr.chulkin\.m2\repository\org\springframework\spring-context\6.2.5\spring-context-6.2.5.jar;C:\Users\oleksandr.chulkin\.m2\repository\org\springframework\plugin\spring-plugin-core\3.0.0\spring-plugin-core-3.0.0.jar;C:\Users\oleksandr.chulkin\.m2\repository\org\slf4j\slf4j-api\2.0.17\slf4j-api-2.0.17.jar;C:\Users\oleksandr.chulkin\.m2\repository\org\springframework\boot\spring-boot-starter-web\3.4.4\spring-boot-starter-web-3.4.4.jar;C:\Users\oleksandr.chulkin\.m2\repository\org\springframework\boot\spring-boot-starter\3.4.4\spring-boot-starter-3.4.4.jar;C:\Users\oleksandr.chulkin\.m2\repository\org\springframework\boot\spring-boot\3.4.4\spring-boot-3.4.4.jar;C:\Users\oleksandr.chulkin\.m2\repository\org\springframework\boot\spring-boot-autoconfigure\3.4.4\spring-boot-autoconfigure-3.4.4.jar;C:\Users\oleksandr.chulkin\.m2\repository\org\springframework\boot\spring-boot-starter-logging\3.4.4\spring-boot-starter-logging-3.4.4.jar;C:\Users\oleksandr.chulkin\.m2\repository\ch\qos\logback\logback-classic\1.5.18\logback-classic-1.5.18.jar;C:\Users\oleksandr.chulkin\.m2\repository\ch\qos\logback\logback-core\1.5.18\logback-core-1.5.18.jar;C:\Users\oleksandr.chulkin\.m2\repository\org\apache\logging\log4j\log4j-to-slf4j\2.24.3\log4j-to-slf4j-2.24.3.jar;C:\Users\oleksandr.chulkin\.m2\repository\org\apache\logging\log4j\log4j-api\2.24.3\log4j-api-2.24.3.jar;C:\Users\oleksandr.chulkin\.m2\repository\org\slf4j\jul-to-slf4j\2.0.17\jul-to-slf4j-2.0.17.jar;C:\Users\oleksandr.chulkin\.m2\repository\jakarta\annotation\jakarta.annotation-api\2.1.1\jakarta.annotation-api-2.1.1.jar;C:\Users\oleksandr.chulkin\.m2\repository\org\yaml\snakeyaml\2.3\snakeyaml-2.3.jar;C:\Users\oleksandr.chulkin\.m2\repository\org\springframework\boot\spring-boot-starter-json\3.4.4\spring-boot-starter-json-3.4.4.jar;C:\Users\oleksandr.chulkin\.m2\repository\com\fasterxml\jackson\core\jackson-databind\2.18.3\jackson-databind-2.18.3.jar;C:\Users\oleksandr.chulkin\.m2\repository\com\fasterxml\jackson\core\jackson-annotations\2.18.3\jackson-annotations-2.18.3.jar;C:\Users\oleksandr.chulkin\.m2\repository\com\fasterxml\jackson\core\jackson-core\2.18.3\jackson-core-2.18.3.jar;C:\Users\oleksandr.chulkin\.m2\repository\com\fasterxml\jackson\datatype\jackson-datatype-jdk8\2.18.3\jackson-datatype-jdk8-2.18.3.jar;C:\Users\oleksandr.chulkin\.m2\repository\com\fasterxml\jackson\datatype\jackson-datatype-jsr310\2.18.3\jackson-datatype-jsr310-2.18.3.jar;C:\Users\oleksandr.chulkin\.m2\repository\com\fasterxml\jackson\module\jackson-module-parameter-names\2.18.3\jackson-module-parameter-names-2.18.3.jar;C:\Users\oleksandr.chulkin\.m2\repository\org\springframework\boot\spring-boot-starter-tomcat\3.4.4\spring-boot-starter-tomcat-3.4.4.jar;C:\Users\oleksandr.chulkin\.m2\repository\org\apache\tomcat\embed\tomcat-embed-core\10.1.39\tomcat-embed-core-10.1.39.jar;C:\Users\oleksandr.chulkin\.m2\repository\org\apache\tomcat\embed\tomcat-embed-websocket\10.1.39\tomcat-embed-websocket-10.1.39.jar;C:\Users\oleksandr.chulkin\.m2\repository\org\springframework\spring-web\6.2.5\spring-web-6.2.5.jar;C:\Users\oleksandr.chulkin\.m2\repository\io\micrometer\micrometer-observation\1.14.5\micrometer-observation-1.14.5.jar;C:\Users\oleksandr.chulkin\.m2\repository\io\micrometer\micrometer-commons\1.14.5\micrometer-commons-1.14.5.jar;C:\Users\oleksandr.chulkin\.m2\repository\org\springframework\spring-webmvc\6.2.5\spring-webmvc-6.2.5.jar;C:\Users\oleksandr.chulkin\.m2\repository\org\springframework\spring-expression\6.2.5\spring-expression-6.2.5.jar;C:\Users\oleksandr.chulkin\.m2\repository\org\springframework\boot\spring-boot-starter-security\3.4.4\spring-boot-starter-security-3.4.4.jar;C:\Users\oleksandr.chulkin\.m2\repository\org\springframework\spring-aop\6.2.5\spring-aop-6.2.5.jar;C:\Users\oleksandr.chulkin\.m2\repository\org\springframework\security\spring-security-config\6.4.4\spring-security-config-6.4.4.jar;C:\Users\oleksandr.chulkin\.m2\repository\org\springframework\security\spring-security-web\6.4.4\spring-security-web-6.4.4.jar;C:\Users\oleksandr.chulkin\.m2\repository\org\springframework\boot\spring-boot-starter-validation\3.4.4\spring-boot-starter-validation-3.4.4.jar;C:\Users\oleksandr.chulkin\.m2\repository\org\apache\tomcat\embed\tomcat-embed-el\10.1.39\tomcat-embed-el-10.1.39.jar;C:\Users\oleksandr.chulkin\.m2\repository\org\hibernate\validator\hibernate-validator\8.0.2.Final\hibernate-validator-8.0.2.Final.jar;C:\Users\oleksandr.chulkin\.m2\repository\jakarta\validation\jakarta.validation-api\3.0.2\jakarta.validation-api-3.0.2.jar;C:\Users\oleksandr.chulkin\.m2\repository\org\jboss\logging\jboss-logging\3.6.1.Final\jboss-logging-3.6.1.Final.jar;C:\Users\oleksandr.chulkin\.m2\repository\com\fasterxml\classmate\1.7.0\classmate-1.7.0.jar;C:\Users\oleksandr.chulkin\.m2\repository\io\jsonwebtoken\jjwt\0.12.6\jjwt-0.12.6.jar;C:\Users\oleksandr.chulkin\.m2\repository\io\jsonwebtoken\jjwt-api\0.12.6\jjwt-api-0.12.6.jar;C:\Users\oleksandr.chulkin\.m2\repository\io\jsonwebtoken\jjwt-impl\0.12.6\jjwt-impl-0.12.6.jar;C:\Users\oleksandr.chulkin\.m2\repository\io\jsonwebtoken\jjwt-jackson\0.12.6\jjwt-jackson-0.12.6.jar;C:\Users\oleksandr.chulkin\.m2\repository\com\oracle\database\jdbc\ojdbc11\21.9.0.0\ojdbc11-21.9.0.0.jar;C:\Users\oleksandr.chulkin\.m2\repository\org\projectlombok\lombok\1.18.36\lombok-1.18.36.jar;C:\Users\oleksandr.chulkin\.m2\repository\org\springframework\boot\spring-boot-starter-data-mongodb\3.4.4\spring-boot-starter-data-mongodb-3.4.4.jar;C:\Users\oleksandr.chulkin\.m2\repository\org\mongodb\mongodb-driver-sync\5.2.1\mongodb-driver-sync-5.2.1.jar;C:\Users\oleksandr.chulkin\.m2\repository\org\mongodb\bson\5.2.1\bson-5.2.1.jar;C:\Users\oleksandr.chulkin\.m2\repository\org\mongodb\mongodb-driver-core\5.2.1\mongodb-driver-core-5.2.1.jar;C:\Users\oleksandr.chulkin\.m2\repository\org\mongodb\bson-record-codec\5.2.1\bson-record-codec-5.2.1.jar;C:\Users\oleksandr.chulkin\.m2\repository\org\springframework\data\spring-data-mongodb\4.4.4\spring-data-mongodb-4.4.4.jar;C:\Users\oleksandr.chulkin\.m2\repository\org\springframework\spring-tx\6.2.5\spring-tx-6.2.5.jar;C:\Users\oleksandr.chulkin\.m2\repository\org\springframework\data\spring-data-commons\3.4.4\spring-data-commons-3.4.4.jar;C:\Users\oleksandr.chulkin\.m2\repository\org\springframework\boot\spring-boot-starter-test\3.4.4\spring-boot-starter-test-3.4.4.jar;C:\Users\oleksandr.chulkin\.m2\repository\org\springframework\boot\spring-boot-test\3.4.4\spring-boot-test-3.4.4.jar;C:\Users\oleksandr.chulkin\.m2\repository\org\springframework\boot\spring-boot-test-autoconfigure\3.4.4\spring-boot-test-autoconfigure-3.4.4.jar;C:\Users\oleksandr.chulkin\.m2\repository\com\jayway\jsonpath\json-path\2.9.0\json-path-2.9.0.jar;C:\Users\oleksandr.chulkin\.m2\repository\jakarta\xml\bind\jakarta.xml.bind-api\4.0.2\jakarta.xml.bind-api-4.0.2.jar;C:\Users\oleksandr.chulkin\.m2\repository\jakarta\activation\jakarta.activation-api\2.1.3\jakarta.activation-api-2.1.3.jar;C:\Users\oleksandr.chulkin\.m2\repository\net\minidev\json-smart\2.5.2\json-smart-2.5.2.jar;C:\Users\oleksandr.chulkin\.m2\repository\net\minidev\accessors-smart\2.5.2\accessors-smart-2.5.2.jar;C:\Users\oleksandr.chulkin\.m2\repository\org\ow2\asm\asm\9.7.1\asm-9.7.1.jar;C:\Users\oleksandr.chulkin\.m2\repository\org\awaitility\awaitility\4.2.2\awaitility-4.2.2.jar;C:\Users\oleksandr.chulkin\.m2\repository\org\hamcrest\hamcrest\2.2\hamcrest-2.2.jar;C:\Users\oleksandr.chulkin\.m2\repository\org\junit\jupiter\junit-jupiter\5.11.4\junit-jupiter-5.11.4.jar;C:\Users\oleksandr.chulkin\.m2\repository\org\junit\jupiter\junit-jupiter-params\5.11.4\junit-jupiter-params-5.11.4.jar;C:\Users\oleksandr.chulkin\.m2\repository\org\junit\jupiter\junit-jupiter-engine\5.11.4\junit-jupiter-engine-5.11.4.jar;C:\Users\oleksandr.chulkin\.m2\repository\org\junit\platform\junit-platform-engine\1.11.4\junit-platform-engine-1.11.4.jar;C:\Users\oleksandr.chulkin\.m2\repository\org\skyscreamer\jsonassert\1.5.3\jsonassert-1.5.3.jar;C:\Users\oleksandr.chulkin\.m2\repository\com\vaadin\external\google\android-json\0.0.20131108.vaadin1\android-json-0.0.20131108.vaadin1.jar;C:\Users\oleksandr.chulkin\.m2\repository\org\springframework\spring-core\6.2.5\spring-core-6.2.5.jar;C:\Users\oleksandr.chulkin\.m2\repository\org\springframework\spring-jcl\6.2.5\spring-jcl-6.2.5.jar;C:\Users\oleksandr.chulkin\.m2\repository\org\springframework\spring-test\6.2.5\spring-test-6.2.5.jar;C:\Users\oleksandr.chulkin\.m2\repository\org\xmlunit\xmlunit-core\2.10.0\xmlunit-core-2.10.0.jar;C:\Users\oleksandr.chulkin\.m2\repository\org\springframework\restdocs\spring-restdocs-mockmvc\3.0.3\spring-restdocs-mockmvc-3.0.3.jar;C:\Users\oleksandr.chulkin\.m2\repository\org\springframework\restdocs\spring-restdocs-core\3.0.3\spring-restdocs-core-3.0.3.jar;C:\Users\oleksandr.chulkin\.m2\repository\jakarta\servlet\jakarta.servlet-api\6.0.0\jakarta.servlet-api-6.0.0.jar;C:\Users\oleksandr.chulkin\.m2\repository\org\springframework\security\spring-security-test\6.4.4\spring-security-test-6.4.4.jar;C:\Users\oleksandr.chulkin\.m2\repository\org\springframework\security\spring-security-core\6.4.4\spring-security-core-6.4.4.jar;C:\Users\oleksandr.chulkin\.m2\repository\org\springframework\security\spring-security-crypto\6.4.4\spring-security-crypto-6.4.4.jar;C:\Users\oleksandr.chulkin\.m2\repository\org\mockito\mockito-core\5.3.1\mockito-core-5.3.1.jar;C:\Users\oleksandr.chulkin\.m2\repository\net\bytebuddy\byte-buddy\1.15.11\byte-buddy-1.15.11.jar;C:\Users\oleksandr.chulkin\.m2\repository\net\bytebuddy\byte-buddy-agent\1.15.11\byte-buddy-agent-1.15.11.jar;C:\Users\oleksandr.chulkin\.m2\repository\org\objenesis\objenesis\3.3\objenesis-3.3.jar;C:\Users\oleksandr.chulkin\.m2\repository\org\mockito\mockito-junit-jupiter\5.3.1\mockito-junit-jupiter-5.3.1.jar;C:\Users\oleksandr.chulkin\.m2\repository\org\junit\jupiter\junit-jupiter-api\5.11.4\junit-jupiter-api-5.11.4.jar;C:\Users\oleksandr.chulkin\.m2\repository\org\opentest4j\opentest4j\1.3.0\opentest4j-1.3.0.jar;C:\Users\oleksandr.chulkin\.m2\repository\org\junit\platform\junit-platform-commons\1.11.4\junit-platform-commons-1.11.4.jar;C:\Users\oleksandr.chulkin\.m2\repository\org\apiguardian\apiguardian-api\1.1.2\apiguardian-api-1.1.2.jar;C:\Users\oleksandr.chulkin\.m2\repository\org\assertj\assertj-core\3.24.2\assertj-core-3.24.2.jar;"/>
    <property name="sun.cpu.endian" value="little"/>
    <property name="user.home" value="C:\Users\oleksandr.chulkin"/>
    <property name="user.language" value="en"/>
    <property name="java.specification.vendor" value="Oracle Corporation"/>
    <property name="java.version.date" value="2025-01-21"/>
    <property name="java.home" value="C:\Users\oleksandr.chulkin\AppData\Local\Programs\Eclipse Adoptium\jdk-21.0.6.7-hotspot"/>
    <property name="file.separator" value="\"/>
    <property name="basedir" value="C:\Users\oleksandr.chulkin\Documents\repo\modfac"/>
    <property name="java.vm.compressedOopsMode" value="Zero based"/>
    <property name="line.separator" value="&#10;"/>
    <property name="java.vm.specification.vendor" value="Oracle Corporation"/>
    <property name="java.specification.name" value="Java Platform API Specification"/>
    <property name="FILE_LOG_CHARSET" value="UTF-8"/>
    <property name="java.awt.headless" value="true"/>
    <property name="surefire.real.class.path" value="C:\Users\oleksandr.chulkin\AppData\Local\Temp\surefire10721213862680158337\surefirebooter-20250905193748120_3.jar"/>
    <property name="user.script" value=""/>
    <property name="sun.management.compiler" value="HotSpot 64-Bit Tiered Compilers"/>
    <property name="java.runtime.version" value="21.0.6+7-LTS"/>
    <property name="user.name" value="oleksandr.chulkin"/>
    <property name="stdout.encoding" value="Cp1252"/>
    <property name="path.separator" value=";"/>
    <property name="os.version" value="10.0"/>
    <property name="java.runtime.name" value="OpenJDK Runtime Environment"/>
    <property name="file.encoding" value="UTF-8"/>
    <property name="java.vm.name" value="OpenJDK 64-Bit Server VM"/>
    <property name="java.vendor.version" value="Temurin-21.0.6+7"/>
    <property name="localRepository" value="C:\Users\oleksandr.chulkin\.m2\repository"/>
    <property name="java.vendor.url.bug" value="https://github.com/adoptium/adoptium-support/issues"/>
    <property name="java.io.tmpdir" value="C:\Users\OLEKSA~1.CHU\AppData\Local\Temp\"/>
    <property name="idea.version" value="2024.3.2.2"/>
    <property name="java.version" value="21.0.6"/>
    <property name="user.dir" value="C:\Users\oleksandr.chulkin\Documents\repo\modfac"/>
    <property name="os.arch" value="amd64"/>
    <property name="java.vm.specification.name" value="Java Virtual Machine Specification"/>
    <property name="PID" value="47780"/>
    <property name="sun.os.patch.level" value=""/>
    <property name="CONSOLE_LOG_CHARSET" value="UTF-8"/>
    <property name="native.encoding" value="Cp1252"/>
    <property name="java.library.path" value="C:\Users\oleksandr.chulkin\AppData\Local\Programs\Eclipse Adoptium\jdk-21.0.6.7-hotspot\bin;C:\Windows\Sun\Java\bin;C:\Windows\system32;C:\Windows;C:\Windows\system32;C:\Windows;C:\Windows\System32\Wbem;C:\Windows\System32\WindowsPowerShell\v1.0\;C:\Windows\System32\OpenSSH\;C:\Program Files\dotnet\;C:\Program Files (x86)\NVIDIA Corporation\PhysX\Common;C:\Program Files\nodejs\;C:\ProgramData\chocolatey\bin;C:\Users\oleksandr.chulkin\AppData\Local\Programs\Python\Python311\Scripts\;C:\Users\oleksandr.chulkin\AppData\Local\Programs\Python\Python311\;C:\Users\oleksandr.chulkin\AppData\Local\Programs\Eclipse Adoptium\jdk-21.0.6.7-hotspot\bin;C:\Users\oleksandr.chulkin\AppData\Local\Programs\Python\Launcher\;C:\Users\oleksandr.chulkin\AppData\Local\Microsoft\WindowsApps;C:\Users\oleksandr.chulkin\AppData\Local\Programs\mongosh\;C:\Program Files\JetBrains\IntelliJ IDEA Community Edition 2024.3.2.2\bin;;C:\Users\oleksandr.chulkin\AppData\Local\Programs\Microsoft VS Code\bin;C:\Users\oleksandr.chulkin\AppData\Roaming\npm;C:\Program Files\apache-maven-3.9.9\bin;;."/>
    <property name="java.vm.info" value="mixed mode, sharing"/>
    <property name="stderr.encoding" value="Cp1252"/>
    <property name="java.vendor" value="Eclipse Adoptium"/>
    <property name="java.vm.version" value="21.0.6+7-LTS"/>
    <property name="sun.io.unicode.encoding" value="UnicodeLittle"/>
    <property name="java.class.version" value="65.0"/>
  </properties>
  <testcase name="capture_ShouldRollbackWhenLeaveUpdateFails" classname="com.example.modfac.service.MainServiceIntegrationTest" time="1.005">
    <system-out><![CDATA[2025-09-05T19:38:44.090+03:00  INFO 47780 --- [           main] t.c.s.AnnotationConfigContextLoaderUtils : Could not detect default configuration classes for test class [com.example.modfac.service.MainServiceIntegrationTest]: MainServiceIntegrationTest does not declare any static, non-private, non-final, nested classes annotated with @Configuration.
2025-09-05T19:38:44.099+03:00  INFO 47780 --- [           main] .b.t.c.SpringBootTestContextBootstrapper : Found @SpringBootConfiguration com.example.modfac.ModfacApplication for test class com.example.modfac.service.MainServiceIntegrationTest

  .   ____          _            __ _ _
 /\\ / ___'_ __ _ _(_)_ __  __ _ \ \ \ \
( ( )\___ | '_ | '_| | '_ \/ _` | \ \ \ \
 \\/  ___)| |_)| | | | | || (_| |  ) ) ) )
  '  |____| .__|_| |_|_| |_\__, | / / / /
 =========|_|==============|___/=/_/_/_/

 :: Spring Boot ::                (v3.4.4)

2025-09-05T19:38:44.112+03:00  INFO 47780 --- [           main] c.e.m.s.MainServiceIntegrationTest       : Starting MainServiceIntegrationTest using Java 21.0.6 with PID 47780 (started by oleksandr.chulkin in C:\Users\oleksandr.chulkin\Documents\repo\modfac)
2025-09-05T19:38:44.112+03:00  INFO 47780 --- [           main] c.e.m.s.MainServiceIntegrationTest       : No active profile set, falling back to 1 default profile: "default"
2025-09-05T19:38:44.196+03:00  INFO 47780 --- [           main] .s.d.r.c.RepositoryConfigurationDelegate : Bootstrapping Spring Data MongoDB repositories in DEFAULT mode.
2025-09-05T19:38:44.217+03:00  INFO 47780 --- [           main] .s.d.r.c.RepositoryConfigurationDelegate : Finished Spring Data repository scanning in 18 ms. Found 3 MongoDB repository interfaces.
2025-09-05T19:38:44.261+03:00  INFO 47780 --- [           main] org.mongodb.driver.client                : MongoClient with metadata {"application": {"name": "myAtlasClusterEDU"}, "driver": {"name": "mongo-java-driver|sync|spring-boot", "version": "5.2.1"}, "os": {"type": "Windows", "name": "Windows 11", "architecture": "amd64", "version": "10.0"}, "platform": "Java/Eclipse Adoptium/21.0.6+7-LTS"} created with settings MongoClientSettings{readPreference=primary, writeConcern=WriteConcern{w=majority, wTimeout=null ms, journal=null}, retryWrites=true, retryReads=true, readConcern=ReadConcern{level=null}, credential=MongoCredential{mechanism=null, userName='user', source='admin', password=<hidden>, mechanismProperties=<hidden>}, transportSettings=null, commandListeners=[], codecRegistry=ProvidersCodecRegistry{codecProviders=[ValueCodecProvider{}, BsonValueCodecProvider{}, DBRefCodecProvider{}, DBObjectCodecProvider{}, DocumentCodecProvider{}, CollectionCodecProvider{}, IterableCodecProvider{}, MapCodecProvider{}, GeoJsonCodecProvider{}, GridFSFileCodecProvider{}, Jsr310CodecProvider{}, JsonObjectCodecProvider{}, BsonCodecProvider{}, EnumCodecProvider{}, com.mongodb.client.model.mql.ExpressionCodecProvider@7e69bf78, com.mongodb.Jep395RecordCodecProvider@24d097c8, com.mongodb.KotlinCodecProvider@2f69d246]}, loggerSettings=LoggerSettings{maxDocumentLength=1000}, clusterSettings={hosts=[127.0.0.1:27017], srvHost=pstt.vnida.mongodb.net, srvServiceName=mongodb, mode=MULTIPLE, requiredClusterType=REPLICA_SET, requiredReplicaSetName='atlas-vhs6cs-shard-0', serverSelector='null', clusterListeners='[]', serverSelectionTimeout='30000 ms', localThreshold='15 ms'}, socketSettings=SocketSettings{connectTimeoutMS=10000, readTimeoutMS=0, receiveBufferSize=0, proxySettings=ProxySettings{host=null, port=null, username=null, password=null}}, heartbeatSocketSettings=SocketSettings{connectTimeoutMS=10000, readTimeoutMS=10000, receiveBufferSize=0, proxySettings=ProxySettings{host=null, port=null, username=null, password=null}}, connectionPoolSettings=ConnectionPoolSettings{maxSize=100, minSize=0, maxWaitTimeMS=120000, maxConnectionLifeTimeMS=0, maxConnectionIdleTimeMS=0, maintenanceInitialDelayMS=0, maintenanceFrequencyMS=60000, connectionPoolListeners=[], maxConnecting=2}, serverSettings=ServerSettings{heartbeatFrequencyMS=10000, minHeartbeatFrequencyMS=500, serverMonitoringMode=AUTO, serverListeners='[]', serverMonitorListeners='[]'}, sslSettings=SslSettings{enabled=true, invalidHostNameAllowed=false, context=null}, applicationName='myAtlasClusterEDU', compressorList=[], uuidRepresentation=JAVA_LEGACY, serverApi=null, autoEncryptionSettings=null, dnsClient=null, inetAddressResolver=null, contextProvider=null, timeoutMS=null}
2025-09-05T19:38:44.273+03:00  INFO 47780 --- [ida.mongodb.net] org.mongodb.driver.cluster               : Adding discovered server pstt-shard-00-01.vnida.mongodb.net:27017 to client view of cluster
2025-09-05T19:38:44.274+03:00  INFO 47780 --- [ida.mongodb.net] org.mongodb.driver.cluster               : Adding discovered server pstt-shard-00-00.vnida.mongodb.net:27017 to client view of cluster
2025-09-05T19:38:44.276+03:00  INFO 47780 --- [ida.mongodb.net] org.mongodb.driver.cluster               : Adding discovered server pstt-shard-00-02.vnida.mongodb.net:27017 to client view of cluster
2025-09-05T19:38:44.285+03:00  INFO 47780 --- [           main] org.mongodb.driver.cluster               : Waiting for server to become available for operation with ID 318. Remaining time: 29999 ms. Selector: WritableServerSelector, topology description: {type=REPLICA_SET, servers=[{address=pstt-shard-00-00.vnida.mongodb.net:27017, type=UNKNOWN, state=CONNECTING}, {address=pstt-shard-00-01.vnida.mongodb.net:27017, type=UNKNOWN, state=CONNECTING}, {address=pstt-shard-00-02.vnida.mongodb.net:27017, type=UNKNOWN, state=CONNECTING}].
2025-09-05T19:38:44.489+03:00  INFO 47780 --- [ngodb.net:27017] org.mongodb.driver.cluster               : Monitor thread successfully connected to server with description ServerDescription{address=pstt-shard-00-02.vnida.mongodb.net:27017, type=REPLICA_SET_SECONDARY, cryptd=false, state=CONNECTED, ok=true, minWireVersion=0, maxWireVersion=25, maxDocumentSize=16777216, logicalSessionTimeoutMinutes=30, roundTripTimeNanos=141463900, minRoundTripTimeNanos=0, setName='atlas-vhs6cs-shard-0', canonicalAddress=pstt-shard-00-02.vnida.mongodb.net:27017, hosts=[pstt-shard-00-02.vnida.mongodb.net:27017, pstt-shard-00-00.vnida.mongodb.net:27017, pstt-shard-00-01.vnida.mongodb.net:27017], passives=[], arbiters=[], primary='pstt-shard-00-01.vnida.mongodb.net:27017', tagSet=TagSet{[Tag{name='availabilityZone', value='euw1-az3'}, Tag{name='diskState', value='READY'}, Tag{name='nodeType', value='ELECTABLE'}, Tag{name='provider', value='AWS'}, Tag{name='region', value='EU_WEST_1'}, Tag{name='workloadType', value='OPERATIONAL'}]}, electionId=null, setVersion=147, topologyVersion=TopologyVersion{processId=68b859396df152a897b48f35, counter=3}, lastWriteDate=Fri Sep 05 19:38:44 EEST 2025, lastUpdateTimeNanos=208114889483900}
2025-09-05T19:38:44.494+03:00  INFO 47780 --- [ngodb.net:27017] org.mongodb.driver.cluster               : Monitor thread successfully connected to server with description ServerDescription{address=pstt-shard-00-01.vnida.mongodb.net:27017, type=REPLICA_SET_PRIMARY, cryptd=false, state=CONNECTED, ok=true, minWireVersion=0, maxWireVersion=25, maxDocumentSize=16777216, logicalSessionTimeoutMinutes=30, roundTripTimeNanos=150015800, minRoundTripTimeNanos=0, setName='atlas-vhs6cs-shard-0', canonicalAddress=pstt-shard-00-01.vnida.mongodb.net:27017, hosts=[pstt-shard-00-02.vnida.mongodb.net:27017, pstt-shard-00-00.vnida.mongodb.net:27017, pstt-shard-00-01.vnida.mongodb.net:27017], passives=[], arbiters=[], primary='pstt-shard-00-01.vnida.mongodb.net:27017', tagSet=TagSet{[Tag{name='availabilityZone', value='euw1-az2'}, Tag{name='diskState', value='READY'}, Tag{name='nodeType', value='ELECTABLE'}, Tag{name='provider', value='AWS'}, Tag{name='region', value='EU_WEST_1'}, Tag{name='workloadType', value='OPERATIONAL'}]}, electionId=7fffffff000000000000014d, setVersion=147, topologyVersion=TopologyVersion{processId=68b858ff473a156782756b34, counter=6}, lastWriteDate=Fri Sep 05 19:38:44 EEST 2025, lastUpdateTimeNanos=208114894048800}
2025-09-05T19:38:44.495+03:00  INFO 47780 --- [ngodb.net:27017] org.mongodb.driver.cluster               : Discovered replica set primary pstt-shard-00-01.vnida.mongodb.net:27017 with max election id 7fffffff000000000000014d and max set version 147
2025-09-05T19:38:44.496+03:00  INFO 47780 --- [ngodb.net:27017] org.mongodb.driver.cluster               : Monitor thread successfully connected to server with description ServerDescription{address=pstt-shard-00-00.vnida.mongodb.net:27017, type=REPLICA_SET_SECONDARY, cryptd=false, state=CONNECTED, ok=true, minWireVersion=0, maxWireVersion=25, maxDocumentSize=16777216, logicalSessionTimeoutMinutes=30, roundTripTimeNanos=146757500, minRoundTripTimeNanos=0, setName='atlas-vhs6cs-shard-0', canonicalAddress=pstt-shard-00-00.vnida.mongodb.net:27017, hosts=[pstt-shard-00-02.vnida.mongodb.net:27017, pstt-shard-00-00.vnida.mongodb.net:27017, pstt-shard-00-01.vnida.mongodb.net:27017], passives=[], arbiters=[], primary='pstt-shard-00-01.vnida.mongodb.net:27017', tagSet=TagSet{[Tag{name='availabilityZone', value='euw1-az1'}, Tag{name='diskState', value='READY'}, Tag{name='nodeType', value='ELECTABLE'}, Tag{name='provider', value='AWS'}, Tag{name='region', value='EU_WEST_1'}, Tag{name='workloadType', value='OPERATIONAL'}]}, electionId=null, setVersion=147, topologyVersion=TopologyVersion{processId=68b858c53e3723c5fc10f731, counter=4}, lastWriteDate=Fri Sep 05 19:38:44 EEST 2025, lastUpdateTimeNanos=208114896446700}
2025-09-05T19:38:45.241+03:00  WARN 47780 --- [           main] c.e.modfac.config.MongoDBIndexConfig     : Atlas Search is not supported on the connected MongoDB cluster: Command failed with error 59 (CommandNotFound): 'command not found' on server pstt-shard-00-01.vnida.mongodb.net:27017. The full response is {"ok": 0, "errmsg": "command not found", "code": 59, "codeName": "CommandNotFound"}
2025-09-05T19:38:45.241+03:00  INFO 47780 --- [           main] c.e.modfac.config.MongoDBIndexConfig     : Skipping Atlas Search index creation as the cluster does not support it.
2025-09-05T19:38:45.309+03:00  INFO 47780 --- [           main] r$InitializeUserDetailsManagerConfigurer : Global AuthenticationManager configured with UserDetailsService bean with name customUserDetailsService
2025-09-05T19:38:45.347+03:00 DEBUG 47780 --- [           main] o.s.s.web.DefaultSecurityFilterChain     : Will secure any request with filters: DisableEncodeUrlFilter, WebAsyncManagerIntegrationFilter, SecurityContextHolderFilter, HeaderWriterFilter, CorsFilter, LogoutFilter, JwtAuthenticationFilter, RequestCacheAwareFilter, SecurityContextHolderAwareRequestFilter, AnonymousAuthenticationFilter, SessionManagementFilter, ExceptionTranslationFilter, AuthorizationFilter
2025-09-05T19:38:45.388+03:00  INFO 47780 --- [           main] c.e.m.s.MainServiceIntegrationTest       : Started MainServiceIntegrationTest in 1.287 seconds (process running for 57.011)
2025-09-05T19:38:45.704+03:00  INFO 47780 --- [           main] com.example.modfac.service.MainService   : Processing leave request for employee ID: 68bb1215e5e9f3328499a175, type: PTO
2025-09-05T19:38:45.849+03:00  WARN 47780 --- [           main] c.example.modfac.service.LeaveService    : Requested 6 days but only 1 available
]]></system-out>
  </testcase>
  <testcase name="capture_ShouldCreateLeaveAndUpdateBalance" classname="com.example.modfac.service.MainServiceIntegrationTest" time="0.979">
    <system-out><![CDATA[
  .   ____          _            __ _ _
 /\\ / ___'_ __ _ _(_)_ __  __ _ \ \ \ \
( ( )\___ | '_ | '_| | '_ \/ _` | \ \ \ \
 \\/  ___)| |_)| | | | | || (_| |  ) ) ) )
  '  |____| .__|_| |_|_| |_\__, | / / / /
 =========|_|==============|___/=/_/_/_/

 :: Spring Boot ::                (v3.4.4)

2025-09-05T19:38:46.416+03:00  INFO 47780 --- [           main] c.e.m.s.MainServiceIntegrationTest       : Starting MainServiceIntegrationTest using Java 21.0.6 with PID 47780 (started by oleksandr.chulkin in C:\Users\oleksandr.chulkin\Documents\repo\modfac)
2025-09-05T19:38:46.416+03:00  INFO 47780 --- [           main] c.e.m.s.MainServiceIntegrationTest       : No active profile set, falling back to 1 default profile: "default"
2025-09-05T19:38:46.512+03:00  INFO 47780 --- [           main] .s.d.r.c.RepositoryConfigurationDelegate : Bootstrapping Spring Data MongoDB repositories in DEFAULT mode.
2025-09-05T19:38:46.532+03:00  INFO 47780 --- [           main] .s.d.r.c.RepositoryConfigurationDelegate : Finished Spring Data repository scanning in 19 ms. Found 3 MongoDB repository interfaces.
2025-09-05T19:38:46.578+03:00  INFO 47780 --- [           main] org.mongodb.driver.client                : MongoClient with metadata {"application": {"name": "myAtlasClusterEDU"}, "driver": {"name": "mongo-java-driver|sync|spring-boot", "version": "5.2.1"}, "os": {"type": "Windows", "name": "Windows 11", "architecture": "amd64", "version": "10.0"}, "platform": "Java/Eclipse Adoptium/21.0.6+7-LTS"} created with settings MongoClientSettings{readPreference=primary, writeConcern=WriteConcern{w=majority, wTimeout=null ms, journal=null}, retryWrites=true, retryReads=true, readConcern=ReadConcern{level=null}, credential=MongoCredential{mechanism=null, userName='user', source='admin', password=<hidden>, mechanismProperties=<hidden>}, transportSettings=null, commandListeners=[], codecRegistry=ProvidersCodecRegistry{codecProviders=[ValueCodecProvider{}, BsonValueCodecProvider{}, DBRefCodecProvider{}, DBObjectCodecProvider{}, DocumentCodecProvider{}, CollectionCodecProvider{}, IterableCodecProvider{}, MapCodecProvider{}, GeoJsonCodecProvider{}, GridFSFileCodecProvider{}, Jsr310CodecProvider{}, JsonObjectCodecProvider{}, BsonCodecProvider{}, EnumCodecProvider{}, com.mongodb.client.model.mql.ExpressionCodecProvider@7e69bf78, com.mongodb.Jep395RecordCodecProvider@24d097c8, com.mongodb.KotlinCodecProvider@2f69d246]}, loggerSettings=LoggerSettings{maxDocumentLength=1000}, clusterSettings={hosts=[127.0.0.1:27017], srvHost=pstt.vnida.mongodb.net, srvServiceName=mongodb, mode=MULTIPLE, requiredClusterType=REPLICA_SET, requiredReplicaSetName='atlas-vhs6cs-shard-0', serverSelector='null', clusterListeners='[]', serverSelectionTimeout='30000 ms', localThreshold='15 ms'}, socketSettings=SocketSettings{connectTimeoutMS=10000, readTimeoutMS=0, receiveBufferSize=0, proxySettings=ProxySettings{host=null, port=null, username=null, password=null}}, heartbeatSocketSettings=SocketSettings{connectTimeoutMS=10000, readTimeoutMS=10000, receiveBufferSize=0, proxySettings=ProxySettings{host=null, port=null, username=null, password=null}}, connectionPoolSettings=ConnectionPoolSettings{maxSize=100, minSize=0, maxWaitTimeMS=120000, maxConnectionLifeTimeMS=0, maxConnectionIdleTimeMS=0, maintenanceInitialDelayMS=0, maintenanceFrequencyMS=60000, connectionPoolListeners=[], maxConnecting=2}, serverSettings=ServerSettings{heartbeatFrequencyMS=10000, minHeartbeatFrequencyMS=500, serverMonitoringMode=AUTO, serverListeners='[]', serverMonitorListeners='[]'}, sslSettings=SslSettings{enabled=true, invalidHostNameAllowed=false, context=null}, applicationName='myAtlasClusterEDU', compressorList=[], uuidRepresentation=JAVA_LEGACY, serverApi=null, autoEncryptionSettings=null, dnsClient=null, inetAddressResolver=null, contextProvider=null, timeoutMS=null}
2025-09-05T19:38:46.589+03:00  INFO 47780 --- [ida.mongodb.net] org.mongodb.driver.cluster               : Adding discovered server pstt-shard-00-01.vnida.mongodb.net:27017 to client view of cluster
2025-09-05T19:38:46.592+03:00  INFO 47780 --- [ida.mongodb.net] org.mongodb.driver.cluster               : Adding discovered server pstt-shard-00-00.vnida.mongodb.net:27017 to client view of cluster
2025-09-05T19:38:46.593+03:00  INFO 47780 --- [ida.mongodb.net] org.mongodb.driver.cluster               : Adding discovered server pstt-shard-00-02.vnida.mongodb.net:27017 to client view of cluster
2025-09-05T19:38:46.610+03:00  INFO 47780 --- [           main] org.mongodb.driver.cluster               : Waiting for server to become available for operation with ID 344. Remaining time: 29999 ms. Selector: WritableServerSelector, topology description: {type=REPLICA_SET, servers=[{address=pstt-shard-00-00.vnida.mongodb.net:27017, type=UNKNOWN, state=CONNECTING}, {address=pstt-shard-00-01.vnida.mongodb.net:27017, type=UNKNOWN, state=CONNECTING}, {address=pstt-shard-00-02.vnida.mongodb.net:27017, type=UNKNOWN, state=CONNECTING}].
2025-09-05T19:38:46.811+03:00  INFO 47780 --- [ngodb.net:27017] org.mongodb.driver.cluster               : Monitor thread successfully connected to server with description ServerDescription{address=pstt-shard-00-02.vnida.mongodb.net:27017, type=REPLICA_SET_SECONDARY, cryptd=false, state=CONNECTED, ok=true, minWireVersion=0, maxWireVersion=25, maxDocumentSize=16777216, logicalSessionTimeoutMinutes=30, roundTripTimeNanos=143379400, minRoundTripTimeNanos=0, setName='atlas-vhs6cs-shard-0', canonicalAddress=pstt-shard-00-02.vnida.mongodb.net:27017, hosts=[pstt-shard-00-02.vnida.mongodb.net:27017, pstt-shard-00-00.vnida.mongodb.net:27017, pstt-shard-00-01.vnida.mongodb.net:27017], passives=[], arbiters=[], primary='pstt-shard-00-01.vnida.mongodb.net:27017', tagSet=TagSet{[Tag{name='availabilityZone', value='euw1-az3'}, Tag{name='diskState', value='READY'}, Tag{name='nodeType', value='ELECTABLE'}, Tag{name='provider', value='AWS'}, Tag{name='region', value='EU_WEST_1'}, Tag{name='workloadType', value='OPERATIONAL'}]}, electionId=null, setVersion=147, topologyVersion=TopologyVersion{processId=68b859396df152a897b48f35, counter=3}, lastWriteDate=Fri Sep 05 19:38:46 EEST 2025, lastUpdateTimeNanos=208117211482300}
2025-09-05T19:38:46.813+03:00  INFO 47780 --- [ngodb.net:27017] org.mongodb.driver.cluster               : Monitor thread successfully connected to server with description ServerDescription{address=pstt-shard-00-00.vnida.mongodb.net:27017, type=REPLICA_SET_SECONDARY, cryptd=false, state=CONNECTED, ok=true, minWireVersion=0, maxWireVersion=25, maxDocumentSize=16777216, logicalSessionTimeoutMinutes=30, roundTripTimeNanos=146150800, minRoundTripTimeNanos=0, setName='atlas-vhs6cs-shard-0', canonicalAddress=pstt-shard-00-00.vnida.mongodb.net:27017, hosts=[pstt-shard-00-02.vnida.mongodb.net:27017, pstt-shard-00-00.vnida.mongodb.net:27017, pstt-shard-00-01.vnida.mongodb.net:27017], passives=[], arbiters=[], primary='pstt-shard-00-01.vnida.mongodb.net:27017', tagSet=TagSet{[Tag{name='availabilityZone', value='euw1-az1'}, Tag{name='diskState', value='READY'}, Tag{name='nodeType', value='ELECTABLE'}, Tag{name='provider', value='AWS'}, Tag{name='region', value='EU_WEST_1'}, Tag{name='workloadType', value='OPERATIONAL'}]}, electionId=null, setVersion=147, topologyVersion=TopologyVersion{processId=68b858c53e3723c5fc10f731, counter=4}, lastWriteDate=Fri Sep 05 19:38:46 EEST 2025, lastUpdateTimeNanos=208117212896300}
2025-09-05T19:38:46.819+03:00  INFO 47780 --- [ngodb.net:27017] org.mongodb.driver.cluster               : Monitor thread successfully connected to server with description ServerDescription{address=pstt-shard-00-01.vnida.mongodb.net:27017, type=REPLICA_SET_PRIMARY, cryptd=false, state=CONNECTED, ok=true, minWireVersion=0, maxWireVersion=25, maxDocumentSize=16777216, logicalSessionTimeoutMinutes=30, roundTripTimeNanos=152199200, minRoundTripTimeNanos=0, setName='atlas-vhs6cs-shard-0', canonicalAddress=pstt-shard-00-01.vnida.mongodb.net:27017, hosts=[pstt-shard-00-02.vnida.mongodb.net:27017, pstt-shard-00-00.vnida.mongodb.net:27017, pstt-shard-00-01.vnida.mongodb.net:27017], passives=[], arbiters=[], primary='pstt-shard-00-01.vnida.mongodb.net:27017', tagSet=TagSet{[Tag{name='availabilityZone', value='euw1-az2'}, Tag{name='diskState', value='READY'}, Tag{name='nodeType', value='ELECTABLE'}, Tag{name='provider', value='AWS'}, Tag{name='region', value='EU_WEST_1'}, Tag{name='workloadType', value='OPERATIONAL'}]}, electionId=7fffffff000000000000014d, setVersion=147, topologyVersion=TopologyVersion{processId=68b858ff473a156782756b34, counter=6}, lastWriteDate=Fri Sep 05 19:38:46 EEST 2025, lastUpdateTimeNanos=208117219286700}
2025-09-05T19:38:46.820+03:00  INFO 47780 --- [ngodb.net:27017] org.mongodb.driver.cluster               : Discovered replica set primary pstt-shard-00-01.vnida.mongodb.net:27017 with max election id 7fffffff000000000000014d and max set version 147
2025-09-05T19:38:47.534+03:00  WARN 47780 --- [           main] c.e.modfac.config.MongoDBIndexConfig     : Atlas Search is not supported on the connected MongoDB cluster: Command failed with error 59 (CommandNotFound): 'command not found' on server pstt-shard-00-01.vnida.mongodb.net:27017. The full response is {"ok": 0, "errmsg": "command not found", "code": 59, "codeName": "CommandNotFound"}
2025-09-05T19:38:47.534+03:00  INFO 47780 --- [           main] c.e.modfac.config.MongoDBIndexConfig     : Skipping Atlas Search index creation as the cluster does not support it.
2025-09-05T19:38:47.591+03:00  INFO 47780 --- [           main] r$InitializeUserDetailsManagerConfigurer : Global AuthenticationManager configured with UserDetailsService bean with name customUserDetailsService
2025-09-05T19:38:47.619+03:00 DEBUG 47780 --- [           main] o.s.s.web.DefaultSecurityFilterChain     : Will secure any request with filters: DisableEncodeUrlFilter, WebAsyncManagerIntegrationFilter, SecurityContextHolderFilter, HeaderWriterFilter, CorsFilter, LogoutFilter, JwtAuthenticationFilter, RequestCacheAwareFilter, SecurityContextHolderAwareRequestFilter, AnonymousAuthenticationFilter, SessionManagementFilter, ExceptionTranslationFilter, AuthorizationFilter
2025-09-05T19:38:47.665+03:00  INFO 47780 --- [           main] c.e.m.s.MainServiceIntegrationTest       : Started MainServiceIntegrationTest in 1.268 seconds (process running for 59.287)
2025-09-05T19:38:47.900+03:00  INFO 47780 --- [           main] com.example.modfac.service.MainService   : Processing leave request for employee ID: 68bb1217e5e9f3328499a179, type: PTO
2025-09-05T19:38:48.119+03:00  INFO 47780 --- [           main] c.example.modfac.service.LeaveService    : Leave request processed successfully with ID: 68bb1218e5e9f3328499a17a
]]></system-out>
  </testcase>
  <testcase name="onboard_ShouldThrowWhenNonAdminUser" classname="com.example.modfac.service.MainServiceIntegrationTest" time="0.685">
    <system-out><![CDATA[
  .   ____          _            __ _ _
 /\\ / ___'_ __ _ _(_)_ __  __ _ \ \ \ \
( ( )\___ | '_ | '_| | '_ \/ _` | \ \ \ \
 \\/  ___)| |_)| | | | | || (_| |  ) ) ) )
  '  |____| .__|_| |_|_| |_\__, | / / / /
 =========|_|==============|___/=/_/_/_/

 :: Spring Boot ::                (v3.4.4)

2025-09-05T19:38:48.675+03:00  INFO 47780 --- [           main] c.e.m.s.MainServiceIntegrationTest       : Starting MainServiceIntegrationTest using Java 21.0.6 with PID 47780 (started by oleksandr.chulkin in C:\Users\oleksandr.chulkin\Documents\repo\modfac)
2025-09-05T19:38:48.675+03:00  INFO 47780 --- [           main] c.e.m.s.MainServiceIntegrationTest       : No active profile set, falling back to 1 default profile: "default"
2025-09-05T19:38:48.789+03:00  INFO 47780 --- [           main] .s.d.r.c.RepositoryConfigurationDelegate : Bootstrapping Spring Data MongoDB repositories in DEFAULT mode.
2025-09-05T19:38:48.803+03:00  INFO 47780 --- [           main] .s.d.r.c.RepositoryConfigurationDelegate : Finished Spring Data repository scanning in 12 ms. Found 3 MongoDB repository interfaces.
2025-09-05T19:38:48.843+03:00  INFO 47780 --- [           main] org.mongodb.driver.client                : MongoClient with metadata {"application": {"name": "myAtlasClusterEDU"}, "driver": {"name": "mongo-java-driver|sync|spring-boot", "version": "5.2.1"}, "os": {"type": "Windows", "name": "Windows 11", "architecture": "amd64", "version": "10.0"}, "platform": "Java/Eclipse Adoptium/21.0.6+7-LTS"} created with settings MongoClientSettings{readPreference=primary, writeConcern=WriteConcern{w=majority, wTimeout=null ms, journal=null}, retryWrites=true, retryReads=true, readConcern=ReadConcern{level=null}, credential=MongoCredential{mechanism=null, userName='user', source='admin', password=<hidden>, mechanismProperties=<hidden>}, transportSettings=null, commandListeners=[], codecRegistry=ProvidersCodecRegistry{codecProviders=[ValueCodecProvider{}, BsonValueCodecProvider{}, DBRefCodecProvider{}, DBObjectCodecProvider{}, DocumentCodecProvider{}, CollectionCodecProvider{}, IterableCodecProvider{}, MapCodecProvider{}, GeoJsonCodecProvider{}, GridFSFileCodecProvider{}, Jsr310CodecProvider{}, JsonObjectCodecProvider{}, BsonCodecProvider{}, EnumCodecProvider{}, com.mongodb.client.model.mql.ExpressionCodecProvider@7e69bf78, com.mongodb.Jep395RecordCodecProvider@24d097c8, com.mongodb.KotlinCodecProvider@2f69d246]}, loggerSettings=LoggerSettings{maxDocumentLength=1000}, clusterSettings={hosts=[127.0.0.1:27017], srvHost=pstt.vnida.mongodb.net, srvServiceName=mongodb, mode=MULTIPLE, requiredClusterType=REPLICA_SET, requiredReplicaSetName='atlas-vhs6cs-shard-0', serverSelector='null', clusterListeners='[]', serverSelectionTimeout='30000 ms', localThreshold='15 ms'}, socketSettings=SocketSettings{connectTimeoutMS=10000, readTimeoutMS=0, receiveBufferSize=0, proxySettings=ProxySettings{host=null, port=null, username=null, password=null}}, heartbeatSocketSettings=SocketSettings{connectTimeoutMS=10000, readTimeoutMS=10000, receiveBufferSize=0, proxySettings=ProxySettings{host=null, port=null, username=null, password=null}}, connectionPoolSettings=ConnectionPoolSettings{maxSize=100, minSize=0, maxWaitTimeMS=120000, maxConnectionLifeTimeMS=0, maxConnectionIdleTimeMS=0, maintenanceInitialDelayMS=0, maintenanceFrequencyMS=60000, connectionPoolListeners=[], maxConnecting=2}, serverSettings=ServerSettings{heartbeatFrequencyMS=10000, minHeartbeatFrequencyMS=500, serverMonitoringMode=AUTO, serverListeners='[]', serverMonitorListeners='[]'}, sslSettings=SslSettings{enabled=true, invalidHostNameAllowed=false, context=null}, applicationName='myAtlasClusterEDU', compressorList=[], uuidRepresentation=JAVA_LEGACY, serverApi=null, autoEncryptionSettings=null, dnsClient=null, inetAddressResolver=null, contextProvider=null, timeoutMS=null}
2025-09-05T19:38:48.854+03:00  INFO 47780 --- [ida.mongodb.net] org.mongodb.driver.cluster               : Adding discovered server pstt-shard-00-01.vnida.mongodb.net:27017 to client view of cluster
2025-09-05T19:38:48.856+03:00  INFO 47780 --- [ida.mongodb.net] org.mongodb.driver.cluster               : Adding discovered server pstt-shard-00-00.vnida.mongodb.net:27017 to client view of cluster
2025-09-05T19:38:48.857+03:00  INFO 47780 --- [ida.mongodb.net] org.mongodb.driver.cluster               : Adding discovered server pstt-shard-00-02.vnida.mongodb.net:27017 to client view of cluster
2025-09-05T19:38:48.862+03:00  INFO 47780 --- [           main] org.mongodb.driver.cluster               : Waiting for server to become available for operation with ID 370. Remaining time: 29999 ms. Selector: WritableServerSelector, topology description: {type=REPLICA_SET, servers=[{address=pstt-shard-00-00.vnida.mongodb.net:27017, type=UNKNOWN, state=CONNECTING}, {address=pstt-shard-00-01.vnida.mongodb.net:27017, type=UNKNOWN, state=CONNECTING}, {address=pstt-shard-00-02.vnida.mongodb.net:27017, type=UNKNOWN, state=CONNECTING}].
2025-09-05T19:38:49.071+03:00  INFO 47780 --- [ngodb.net:27017] org.mongodb.driver.cluster               : Monitor thread successfully connected to server with description ServerDescription{address=pstt-shard-00-01.vnida.mongodb.net:27017, type=REPLICA_SET_PRIMARY, cryptd=false, state=CONNECTED, ok=true, minWireVersion=0, maxWireVersion=25, maxDocumentSize=16777216, logicalSessionTimeoutMinutes=30, roundTripTimeNanos=144468500, minRoundTripTimeNanos=0, setName='atlas-vhs6cs-shard-0', canonicalAddress=pstt-shard-00-01.vnida.mongodb.net:27017, hosts=[pstt-shard-00-02.vnida.mongodb.net:27017, pstt-shard-00-00.vnida.mongodb.net:27017, pstt-shard-00-01.vnida.mongodb.net:27017], passives=[], arbiters=[], primary='pstt-shard-00-01.vnida.mongodb.net:27017', tagSet=TagSet{[Tag{name='availabilityZone', value='euw1-az2'}, Tag{name='diskState', value='READY'}, Tag{name='nodeType', value='ELECTABLE'}, Tag{name='provider', value='AWS'}, Tag{name='region', value='EU_WEST_1'}, Tag{name='workloadType', value='OPERATIONAL'}]}, electionId=7fffffff000000000000014d, setVersion=147, topologyVersion=TopologyVersion{processId=68b858ff473a156782756b34, counter=6}, lastWriteDate=Fri Sep 05 19:38:48 EEST 2025, lastUpdateTimeNanos=208119471727200}
2025-09-05T19:38:49.073+03:00  INFO 47780 --- [ngodb.net:27017] org.mongodb.driver.cluster               : Discovered replica set primary pstt-shard-00-01.vnida.mongodb.net:27017 with max election id 7fffffff000000000000014d and max set version 147
2025-09-05T19:38:49.074+03:00  INFO 47780 --- [ngodb.net:27017] org.mongodb.driver.cluster               : Monitor thread successfully connected to server with description ServerDescription{address=pstt-shard-00-02.vnida.mongodb.net:27017, type=REPLICA_SET_SECONDARY, cryptd=false, state=CONNECTED, ok=true, minWireVersion=0, maxWireVersion=25, maxDocumentSize=16777216, logicalSessionTimeoutMinutes=30, roundTripTimeNanos=145457700, minRoundTripTimeNanos=0, setName='atlas-vhs6cs-shard-0', canonicalAddress=pstt-shard-00-02.vnida.mongodb.net:27017, hosts=[pstt-shard-00-02.vnida.mongodb.net:27017, pstt-shard-00-00.vnida.mongodb.net:27017, pstt-shard-00-01.vnida.mongodb.net:27017], passives=[], arbiters=[], primary='pstt-shard-00-01.vnida.mongodb.net:27017', tagSet=TagSet{[Tag{name='availabilityZone', value='euw1-az3'}, Tag{name='diskState', value='READY'}, Tag{name='nodeType', value='ELECTABLE'}, Tag{name='provider', value='AWS'}, Tag{name='region', value='EU_WEST_1'}, Tag{name='workloadType', value='OPERATIONAL'}]}, electionId=null, setVersion=147, topologyVersion=TopologyVersion{processId=68b859396df152a897b48f35, counter=3}, lastWriteDate=Fri Sep 05 19:38:48 EEST 2025, lastUpdateTimeNanos=208119475112000}
2025-09-05T19:38:49.078+03:00  INFO 47780 --- [ngodb.net:27017] org.mongodb.driver.cluster               : Monitor thread successfully connected to server with description ServerDescription{address=pstt-shard-00-00.vnida.mongodb.net:27017, type=REPLICA_SET_SECONDARY, cryptd=false, state=CONNECTED, ok=true, minWireVersion=0, maxWireVersion=25, maxDocumentSize=16777216, logicalSessionTimeoutMinutes=30, roundTripTimeNanos=146365900, minRoundTripTimeNanos=0, setName='atlas-vhs6cs-shard-0', canonicalAddress=pstt-shard-00-00.vnida.mongodb.net:27017, hosts=[pstt-shard-00-02.vnida.mongodb.net:27017, pstt-shard-00-00.vnida.mongodb.net:27017, pstt-shard-00-01.vnida.mongodb.net:27017], passives=[], arbiters=[], primary='pstt-shard-00-01.vnida.mongodb.net:27017', tagSet=TagSet{[Tag{name='availabilityZone', value='euw1-az1'}, Tag{name='diskState', value='READY'}, Tag{name='nodeType', value='ELECTABLE'}, Tag{name='provider', value='AWS'}, Tag{name='region', value='EU_WEST_1'}, Tag{name='workloadType', value='OPERATIONAL'}]}, electionId=null, setVersion=147, topologyVersion=TopologyVersion{processId=68b858c53e3723c5fc10f731, counter=4}, lastWriteDate=Fri Sep 05 19:38:48 EEST 2025, lastUpdateTimeNanos=208119478262500}
2025-09-05T19:38:49.813+03:00  WARN 47780 --- [           main] c.e.modfac.config.MongoDBIndexConfig     : Atlas Search is not supported on the connected MongoDB cluster: Command failed with error 59 (CommandNotFound): 'command not found' on server pstt-shard-00-01.vnida.mongodb.net:27017. The full response is {"ok": 0, "errmsg": "command not found", "code": 59, "codeName": "CommandNotFound"}
2025-09-05T19:38:49.814+03:00  INFO 47780 --- [           main] c.e.modfac.config.MongoDBIndexConfig     : Skipping Atlas Search index creation as the cluster does not support it.
2025-09-05T19:38:49.874+03:00  INFO 47780 --- [           main] r$InitializeUserDetailsManagerConfigurer : Global AuthenticationManager configured with UserDetailsService bean with name customUserDetailsService
2025-09-05T19:38:49.920+03:00 DEBUG 47780 --- [           main] o.s.s.web.DefaultSecurityFilterChain     : Will secure any request with filters: DisableEncodeUrlFilter, WebAsyncManagerIntegrationFilter, SecurityContextHolderFilter, HeaderWriterFilter, CorsFilter, LogoutFilter, JwtAuthenticationFilter, RequestCacheAwareFilter, SecurityContextHolderAwareRequestFilter, AnonymousAuthenticationFilter, SessionManagementFilter, ExceptionTranslationFilter, AuthorizationFilter
2025-09-05T19:38:49.957+03:00  INFO 47780 --- [           main] c.e.m.s.MainServiceIntegrationTest       : Started MainServiceIntegrationTest in 1.31 seconds (process running for 61.58)
2025-09-05T19:38:50.266+03:00  INFO 47780 --- [           main] com.example.modfac.service.MainService   : Processing onboarding for employee: Test Employee
2025-09-05T19:38:50.340+03:00  WARN 47780 --- [           main] com.example.modfac.service.UserService   : Unauthorized attempt to create employee by user: user
]]></system-out>
  </testcase>
  <testcase name="onboard_ShouldCreateEmployeeWhenAdminUser" classname="com.example.modfac.service.MainServiceIntegrationTest" time="0.846">
    <system-out><![CDATA[
  .   ____          _            __ _ _
 /\\ / ___'_ __ _ _(_)_ __  __ _ \ \ \ \
( ( )\___ | '_ | '_| | '_ \/ _` | \ \ \ \
 \\/  ___)| |_)| | | | | || (_| |  ) ) ) )
  '  |____| .__|_| |_|_| |_\__, | / / / /
 =========|_|==============|___/=/_/_/_/

 :: Spring Boot ::                (v3.4.4)

2025-09-05T19:38:50.669+03:00  INFO 47780 --- [           main] c.e.m.s.MainServiceIntegrationTest       : Starting MainServiceIntegrationTest using Java 21.0.6 with PID 47780 (started by oleksandr.chulkin in C:\Users\oleksandr.chulkin\Documents\repo\modfac)
2025-09-05T19:38:50.669+03:00  INFO 47780 --- [           main] c.e.m.s.MainServiceIntegrationTest       : No active profile set, falling back to 1 default profile: "default"
2025-09-05T19:38:50.750+03:00  INFO 47780 --- [           main] .s.d.r.c.RepositoryConfigurationDelegate : Bootstrapping Spring Data MongoDB repositories in DEFAULT mode.
2025-09-05T19:38:50.769+03:00  INFO 47780 --- [           main] .s.d.r.c.RepositoryConfigurationDelegate : Finished Spring Data repository scanning in 17 ms. Found 3 MongoDB repository interfaces.
2025-09-05T19:38:50.816+03:00  INFO 47780 --- [           main] org.mongodb.driver.client                : MongoClient with metadata {"application": {"name": "myAtlasClusterEDU"}, "driver": {"name": "mongo-java-driver|sync|spring-boot", "version": "5.2.1"}, "os": {"type": "Windows", "name": "Windows 11", "architecture": "amd64", "version": "10.0"}, "platform": "Java/Eclipse Adoptium/21.0.6+7-LTS"} created with settings MongoClientSettings{readPreference=primary, writeConcern=WriteConcern{w=majority, wTimeout=null ms, journal=null}, retryWrites=true, retryReads=true, readConcern=ReadConcern{level=null}, credential=MongoCredential{mechanism=null, userName='user', source='admin', password=<hidden>, mechanismProperties=<hidden>}, transportSettings=null, commandListeners=[], codecRegistry=ProvidersCodecRegistry{codecProviders=[ValueCodecProvider{}, BsonValueCodecProvider{}, DBRefCodecProvider{}, DBObjectCodecProvider{}, DocumentCodecProvider{}, CollectionCodecProvider{}, IterableCodecProvider{}, MapCodecProvider{}, GeoJsonCodecProvider{}, GridFSFileCodecProvider{}, Jsr310CodecProvider{}, JsonObjectCodecProvider{}, BsonCodecProvider{}, EnumCodecProvider{}, com.mongodb.client.model.mql.ExpressionCodecProvider@7e69bf78, com.mongodb.Jep395RecordCodecProvider@24d097c8, com.mongodb.KotlinCodecProvider@2f69d246]}, loggerSettings=LoggerSettings{maxDocumentLength=1000}, clusterSettings={hosts=[127.0.0.1:27017], srvHost=pstt.vnida.mongodb.net, srvServiceName=mongodb, mode=MULTIPLE, requiredClusterType=REPLICA_SET, requiredReplicaSetName='atlas-vhs6cs-shard-0', serverSelector='null', clusterListeners='[]', serverSelectionTimeout='30000 ms', localThreshold='15 ms'}, socketSettings=SocketSettings{connectTimeoutMS=10000, readTimeoutMS=0, receiveBufferSize=0, proxySettings=ProxySettings{host=null, port=null, username=null, password=null}}, heartbeatSocketSettings=SocketSettings{connectTimeoutMS=10000, readTimeoutMS=10000, receiveBufferSize=0, proxySettings=ProxySettings{host=null, port=null, username=null, password=null}}, connectionPoolSettings=ConnectionPoolSettings{maxSize=100, minSize=0, maxWaitTimeMS=120000, maxConnectionLifeTimeMS=0, maxConnectionIdleTimeMS=0, maintenanceInitialDelayMS=0, maintenanceFrequencyMS=60000, connectionPoolListeners=[], maxConnecting=2}, serverSettings=ServerSettings{heartbeatFrequencyMS=10000, minHeartbeatFrequencyMS=500, serverMonitoringMode=AUTO, serverListeners='[]', serverMonitorListeners='[]'}, sslSettings=SslSettings{enabled=true, invalidHostNameAllowed=false, context=null}, applicationName='myAtlasClusterEDU', compressorList=[], uuidRepresentation=JAVA_LEGACY, serverApi=null, autoEncryptionSettings=null, dnsClient=null, inetAddressResolver=null, contextProvider=null, timeoutMS=null}
2025-09-05T19:38:50.827+03:00  INFO 47780 --- [ida.mongodb.net] org.mongodb.driver.cluster               : Adding discovered server pstt-shard-00-01.vnida.mongodb.net:27017 to client view of cluster
2025-09-05T19:38:50.828+03:00  INFO 47780 --- [ida.mongodb.net] org.mongodb.driver.cluster               : Adding discovered server pstt-shard-00-00.vnida.mongodb.net:27017 to client view of cluster
2025-09-05T19:38:50.829+03:00  INFO 47780 --- [ida.mongodb.net] org.mongodb.driver.cluster               : Adding discovered server pstt-shard-00-02.vnida.mongodb.net:27017 to client view of cluster
2025-09-05T19:38:50.835+03:00  INFO 47780 --- [           main] org.mongodb.driver.cluster               : Waiting for server to become available for operation with ID 398. Remaining time: 29999 ms. Selector: WritableServerSelector, topology description: {type=REPLICA_SET, servers=[{address=pstt-shard-00-00.vnida.mongodb.net:27017, type=UNKNOWN, state=CONNECTING}, {address=pstt-shard-00-01.vnida.mongodb.net:27017, type=UNKNOWN, state=CONNECTING}, {address=pstt-shard-00-02.vnida.mongodb.net:27017, type=UNKNOWN, state=CONNECTING}].
2025-09-05T19:38:51.042+03:00  INFO 47780 --- [ngodb.net:27017] org.mongodb.driver.cluster               : Monitor thread successfully connected to server with description ServerDescription{address=pstt-shard-00-02.vnida.mongodb.net:27017, type=REPLICA_SET_SECONDARY, cryptd=false, state=CONNECTED, ok=true, minWireVersion=0, maxWireVersion=25, maxDocumentSize=16777216, logicalSessionTimeoutMinutes=30, roundTripTimeNanos=142518300, minRoundTripTimeNanos=0, setName='atlas-vhs6cs-shard-0', canonicalAddress=pstt-shard-00-02.vnida.mongodb.net:27017, hosts=[pstt-shard-00-02.vnida.mongodb.net:27017, pstt-shard-00-00.vnida.mongodb.net:27017, pstt-shard-00-01.vnida.mongodb.net:27017], passives=[], arbiters=[], primary='pstt-shard-00-01.vnida.mongodb.net:27017', tagSet=TagSet{[Tag{name='availabilityZone', value='euw1-az3'}, Tag{name='diskState', value='READY'}, Tag{name='nodeType', value='ELECTABLE'}, Tag{name='provider', value='AWS'}, Tag{name='region', value='EU_WEST_1'}, Tag{name='workloadType', value='OPERATIONAL'}]}, electionId=null, setVersion=147, topologyVersion=TopologyVersion{processId=68b859396df152a897b48f35, counter=3}, lastWriteDate=Fri Sep 05 19:38:50 EEST 2025, lastUpdateTimeNanos=208121441248800}
2025-09-05T19:38:51.043+03:00  INFO 47780 --- [ngodb.net:27017] org.mongodb.driver.cluster               : Monitor thread successfully connected to server with description ServerDescription{address=pstt-shard-00-00.vnida.mongodb.net:27017, type=REPLICA_SET_SECONDARY, cryptd=false, state=CONNECTED, ok=true, minWireVersion=0, maxWireVersion=25, maxDocumentSize=16777216, logicalSessionTimeoutMinutes=30, roundTripTimeNanos=143478700, minRoundTripTimeNanos=0, setName='atlas-vhs6cs-shard-0', canonicalAddress=pstt-shard-00-00.vnida.mongodb.net:27017, hosts=[pstt-shard-00-02.vnida.mongodb.net:27017, pstt-shard-00-00.vnida.mongodb.net:27017, pstt-shard-00-01.vnida.mongodb.net:27017], passives=[], arbiters=[], primary='pstt-shard-00-01.vnida.mongodb.net:27017', tagSet=TagSet{[Tag{name='availabilityZone', value='euw1-az1'}, Tag{name='diskState', value='READY'}, Tag{name='nodeType', value='ELECTABLE'}, Tag{name='provider', value='AWS'}, Tag{name='region', value='EU_WEST_1'}, Tag{name='workloadType', value='OPERATIONAL'}]}, electionId=null, setVersion=147, topologyVersion=TopologyVersion{processId=68b858c53e3723c5fc10f731, counter=4}, lastWriteDate=Fri Sep 05 19:38:50 EEST 2025, lastUpdateTimeNanos=208121442269200}
2025-09-05T19:38:51.048+03:00  INFO 47780 --- [ngodb.net:27017] org.mongodb.driver.cluster               : Monitor thread successfully connected to server with description ServerDescription{address=pstt-shard-00-01.vnida.mongodb.net:27017, type=REPLICA_SET_PRIMARY, cryptd=false, state=CONNECTED, ok=true, minWireVersion=0, maxWireVersion=25, maxDocumentSize=16777216, logicalSessionTimeoutMinutes=30, roundTripTimeNanos=148873900, minRoundTripTimeNanos=0, setName='atlas-vhs6cs-shard-0', canonicalAddress=pstt-shard-00-01.vnida.mongodb.net:27017, hosts=[pstt-shard-00-02.vnida.mongodb.net:27017, pstt-shard-00-00.vnida.mongodb.net:27017, pstt-shard-00-01.vnida.mongodb.net:27017], passives=[], arbiters=[], primary='pstt-shard-00-01.vnida.mongodb.net:27017', tagSet=TagSet{[Tag{name='availabilityZone', value='euw1-az2'}, Tag{name='diskState', value='READY'}, Tag{name='nodeType', value='ELECTABLE'}, Tag{name='provider', value='AWS'}, Tag{name='region', value='EU_WEST_1'}, Tag{name='workloadType', value='OPERATIONAL'}]}, electionId=7fffffff000000000000014d, setVersion=147, topologyVersion=TopologyVersion{processId=68b858ff473a156782756b34, counter=6}, lastWriteDate=Fri Sep 05 19:38:50 EEST 2025, lastUpdateTimeNanos=208121448787700}
2025-09-05T19:38:51.050+03:00  INFO 47780 --- [ngodb.net:27017] org.mongodb.driver.cluster               : Discovered replica set primary pstt-shard-00-01.vnida.mongodb.net:27017 with max election id 7fffffff000000000000014d and max set version 147
2025-09-05T19:38:51.825+03:00  WARN 47780 --- [           main] c.e.modfac.config.MongoDBIndexConfig     : Atlas Search is not supported on the connected MongoDB cluster: Command failed with error 59 (CommandNotFound): 'command not found' on server pstt-shard-00-01.vnida.mongodb.net:27017. The full response is {"ok": 0, "errmsg": "command not found", "code": 59, "codeName": "CommandNotFound"}
2025-09-05T19:38:51.825+03:00  INFO 47780 --- [           main] c.e.modfac.config.MongoDBIndexConfig     : Skipping Atlas Search index creation as the cluster does not support it.
2025-09-05T19:38:51.880+03:00  INFO 47780 --- [           main] r$InitializeUserDetailsManagerConfigurer : Global AuthenticationManager configured with UserDetailsService bean with name customUserDetailsService
2025-09-05T19:38:51.914+03:00 DEBUG 47780 --- [           main] o.s.s.web.DefaultSecurityFilterChain     : Will secure any request with filters: DisableEncodeUrlFilter, WebAsyncManagerIntegrationFilter, SecurityContextHolderFilter, HeaderWriterFilter, CorsFilter, LogoutFilter, JwtAuthenticationFilter, RequestCacheAwareFilter, SecurityContextHolderAwareRequestFilter, AnonymousAuthenticationFilter, SessionManagementFilter, ExceptionTranslationFilter, AuthorizationFilter
2025-09-05T19:38:51.959+03:00  INFO 47780 --- [           main] c.e.m.s.MainServiceIntegrationTest       : Started MainServiceIntegrationTest in 1.314 seconds (process running for 63.581)
2025-09-05T19:38:52.198+03:00  INFO 47780 --- [           main] com.example.modfac.service.MainService   : Processing onboarding for employee: Test Employee
2025-09-05T19:38:52.420+03:00  INFO 47780 --- [           main] c.e.modfac.service.EmployeeService       : Creating new employee record
2025-09-05T19:38:52.500+03:00  INFO 47780 --- [           main] c.e.modfac.service.EmployeeService       : Employee created successfully with ID: 68bb121ce5e9f3328499a184
]]></system-out>
  </testcase>
  <testcase name="capture_ShouldThrowWhenManagerMismatch" classname="com.example.modfac.service.MainServiceIntegrationTest" time="0.751">
    <system-out><![CDATA[
  .   ____          _            __ _ _
 /\\ / ___'_ __ _ _(_)_ __  __ _ \ \ \ \
( ( )\___ | '_ | '_| | '_ \/ _` | \ \ \ \
 \\/  ___)| |_)| | | | | || (_| |  ) ) ) )
  '  |____| .__|_| |_|_| |_\__, | / / / /
 =========|_|==============|___/=/_/_/_/

 :: Spring Boot ::                (v3.4.4)

2025-09-05T19:38:52.832+03:00  INFO 47780 --- [           main] c.e.m.s.MainServiceIntegrationTest       : Starting MainServiceIntegrationTest using Java 21.0.6 with PID 47780 (started by oleksandr.chulkin in C:\Users\oleksandr.chulkin\Documents\repo\modfac)
2025-09-05T19:38:52.832+03:00  INFO 47780 --- [           main] c.e.m.s.MainServiceIntegrationTest       : No active profile set, falling back to 1 default profile: "default"
2025-09-05T19:38:52.934+03:00  INFO 47780 --- [           main] .s.d.r.c.RepositoryConfigurationDelegate : Bootstrapping Spring Data MongoDB repositories in DEFAULT mode.
2025-09-05T19:38:52.953+03:00  INFO 47780 --- [           main] .s.d.r.c.RepositoryConfigurationDelegate : Finished Spring Data repository scanning in 18 ms. Found 3 MongoDB repository interfaces.
2025-09-05T19:38:52.993+03:00  INFO 47780 --- [           main] org.mongodb.driver.client                : MongoClient with metadata {"application": {"name": "myAtlasClusterEDU"}, "driver": {"name": "mongo-java-driver|sync|spring-boot", "version": "5.2.1"}, "os": {"type": "Windows", "name": "Windows 11", "architecture": "amd64", "version": "10.0"}, "platform": "Java/Eclipse Adoptium/21.0.6+7-LTS"} created with settings MongoClientSettings{readPreference=primary, writeConcern=WriteConcern{w=majority, wTimeout=null ms, journal=null}, retryWrites=true, retryReads=true, readConcern=ReadConcern{level=null}, credential=MongoCredential{mechanism=null, userName='user', source='admin', password=<hidden>, mechanismProperties=<hidden>}, transportSettings=null, commandListeners=[], codecRegistry=ProvidersCodecRegistry{codecProviders=[ValueCodecProvider{}, BsonValueCodecProvider{}, DBRefCodecProvider{}, DBObjectCodecProvider{}, DocumentCodecProvider{}, CollectionCodecProvider{}, IterableCodecProvider{}, MapCodecProvider{}, GeoJsonCodecProvider{}, GridFSFileCodecProvider{}, Jsr310CodecProvider{}, JsonObjectCodecProvider{}, BsonCodecProvider{}, EnumCodecProvider{}, com.mongodb.client.model.mql.ExpressionCodecProvider@7e69bf78, com.mongodb.Jep395RecordCodecProvider@24d097c8, com.mongodb.KotlinCodecProvider@2f69d246]}, loggerSettings=LoggerSettings{maxDocumentLength=1000}, clusterSettings={hosts=[127.0.0.1:27017], srvHost=pstt.vnida.mongodb.net, srvServiceName=mongodb, mode=MULTIPLE, requiredClusterType=REPLICA_SET, requiredReplicaSetName='atlas-vhs6cs-shard-0', serverSelector='null', clusterListeners='[]', serverSelectionTimeout='30000 ms', localThreshold='15 ms'}, socketSettings=SocketSettings{connectTimeoutMS=10000, readTimeoutMS=0, receiveBufferSize=0, proxySettings=ProxySettings{host=null, port=null, username=null, password=null}}, heartbeatSocketSettings=SocketSettings{connectTimeoutMS=10000, readTimeoutMS=10000, receiveBufferSize=0, proxySettings=ProxySettings{host=null, port=null, username=null, password=null}}, connectionPoolSettings=ConnectionPoolSettings{maxSize=100, minSize=0, maxWaitTimeMS=120000, maxConnectionLifeTimeMS=0, maxConnectionIdleTimeMS=0, maintenanceInitialDelayMS=0, maintenanceFrequencyMS=60000, connectionPoolListeners=[], maxConnecting=2}, serverSettings=ServerSettings{heartbeatFrequencyMS=10000, minHeartbeatFrequencyMS=500, serverMonitoringMode=AUTO, serverListeners='[]', serverMonitorListeners='[]'}, sslSettings=SslSettings{enabled=true, invalidHostNameAllowed=false, context=null}, applicationName='myAtlasClusterEDU', compressorList=[], uuidRepresentation=JAVA_LEGACY, serverApi=null, autoEncryptionSettings=null, dnsClient=null, inetAddressResolver=null, contextProvider=null, timeoutMS=null}
2025-09-05T19:38:53.006+03:00  INFO 47780 --- [ida.mongodb.net] org.mongodb.driver.cluster               : Adding discovered server pstt-shard-00-01.vnida.mongodb.net:27017 to client view of cluster
2025-09-05T19:38:53.010+03:00  INFO 47780 --- [ida.mongodb.net] org.mongodb.driver.cluster               : Adding discovered server pstt-shard-00-00.vnida.mongodb.net:27017 to client view of cluster
2025-09-05T19:38:53.011+03:00  INFO 47780 --- [ida.mongodb.net] org.mongodb.driver.cluster               : Adding discovered server pstt-shard-00-02.vnida.mongodb.net:27017 to client view of cluster
2025-09-05T19:38:53.020+03:00  INFO 47780 --- [           main] org.mongodb.driver.cluster               : Waiting for server to become available for operation with ID 424. Remaining time: 29999 ms. Selector: WritableServerSelector, topology description: {type=REPLICA_SET, servers=[{address=pstt-shard-00-00.vnida.mongodb.net:27017, type=UNKNOWN, state=CONNECTING}, {address=pstt-shard-00-01.vnida.mongodb.net:27017, type=UNKNOWN, state=CONNECTING}, {address=pstt-shard-00-02.vnida.mongodb.net:27017, type=UNKNOWN, state=CONNECTING}].
2025-09-05T19:38:53.215+03:00  INFO 47780 --- [ngodb.net:27017] org.mongodb.driver.cluster               : Monitor thread successfully connected to server with description ServerDescription{address=pstt-shard-00-01.vnida.mongodb.net:27017, type=REPLICA_SET_PRIMARY, cryptd=false, state=CONNECTED, ok=true, minWireVersion=0, maxWireVersion=25, maxDocumentSize=16777216, logicalSessionTimeoutMinutes=30, roundTripTimeNanos=137701200, minRoundTripTimeNanos=0, setName='atlas-vhs6cs-shard-0', canonicalAddress=pstt-shard-00-01.vnida.mongodb.net:27017, hosts=[pstt-shard-00-02.vnida.mongodb.net:27017, pstt-shard-00-00.vnida.mongodb.net:27017, pstt-shard-00-01.vnida.mongodb.net:27017], passives=[], arbiters=[], primary='pstt-shard-00-01.vnida.mongodb.net:27017', tagSet=TagSet{[Tag{name='availabilityZone', value='euw1-az2'}, Tag{name='diskState', value='READY'}, Tag{name='nodeType', value='ELECTABLE'}, Tag{name='provider', value='AWS'}, Tag{name='region', value='EU_WEST_1'}, Tag{name='workloadType', value='OPERATIONAL'}]}, electionId=7fffffff000000000000014d, setVersion=147, topologyVersion=TopologyVersion{processId=68b858ff473a156782756b34, counter=6}, lastWriteDate=Fri Sep 05 19:38:53 EEST 2025, lastUpdateTimeNanos=208123615852700}
2025-09-05T19:38:53.218+03:00  INFO 47780 --- [ngodb.net:27017] org.mongodb.driver.cluster               : Discovered replica set primary pstt-shard-00-01.vnida.mongodb.net:27017 with max election id 7fffffff000000000000014d and max set version 147
2025-09-05T19:38:53.228+03:00  INFO 47780 --- [ngodb.net:27017] org.mongodb.driver.cluster               : Monitor thread successfully connected to server with description ServerDescription{address=pstt-shard-00-02.vnida.mongodb.net:27017, type=REPLICA_SET_SECONDARY, cryptd=false, state=CONNECTED, ok=true, minWireVersion=0, maxWireVersion=25, maxDocumentSize=16777216, logicalSessionTimeoutMinutes=30, roundTripTimeNanos=143803800, minRoundTripTimeNanos=0, setName='atlas-vhs6cs-shard-0', canonicalAddress=pstt-shard-00-02.vnida.mongodb.net:27017, hosts=[pstt-shard-00-02.vnida.mongodb.net:27017, pstt-shard-00-00.vnida.mongodb.net:27017, pstt-shard-00-01.vnida.mongodb.net:27017], passives=[], arbiters=[], primary='pstt-shard-00-01.vnida.mongodb.net:27017', tagSet=TagSet{[Tag{name='availabilityZone', value='euw1-az3'}, Tag{name='diskState', value='READY'}, Tag{name='nodeType', value='ELECTABLE'}, Tag{name='provider', value='AWS'}, Tag{name='region', value='EU_WEST_1'}, Tag{name='workloadType', value='OPERATIONAL'}]}, electionId=null, setVersion=147, topologyVersion=TopologyVersion{processId=68b859396df152a897b48f35, counter=3}, lastWriteDate=Fri Sep 05 19:38:53 EEST 2025, lastUpdateTimeNanos=208123627862600}
2025-09-05T19:38:53.229+03:00  INFO 47780 --- [ngodb.net:27017] org.mongodb.driver.cluster               : Monitor thread successfully connected to server with description ServerDescription{address=pstt-shard-00-00.vnida.mongodb.net:27017, type=REPLICA_SET_SECONDARY, cryptd=false, state=CONNECTED, ok=true, minWireVersion=0, maxWireVersion=25, maxDocumentSize=16777216, logicalSessionTimeoutMinutes=30, roundTripTimeNanos=146510400, minRoundTripTimeNanos=0, setName='atlas-vhs6cs-shard-0', canonicalAddress=pstt-shard-00-00.vnida.mongodb.net:27017, hosts=[pstt-shard-00-02.vnida.mongodb.net:27017, pstt-shard-00-00.vnida.mongodb.net:27017, pstt-shard-00-01.vnida.mongodb.net:27017], passives=[], arbiters=[], primary='pstt-shard-00-01.vnida.mongodb.net:27017', tagSet=TagSet{[Tag{name='availabilityZone', value='euw1-az1'}, Tag{name='diskState', value='READY'}, Tag{name='nodeType', value='ELECTABLE'}, Tag{name='provider', value='AWS'}, Tag{name='region', value='EU_WEST_1'}, Tag{name='workloadType', value='OPERATIONAL'}]}, electionId=null, setVersion=147, topologyVersion=TopologyVersion{processId=68b858c53e3723c5fc10f731, counter=4}, lastWriteDate=Fri Sep 05 19:38:53 EEST 2025, lastUpdateTimeNanos=208123629468100}
2025-09-05T19:38:53.930+03:00  WARN 47780 --- [           main] c.e.modfac.config.MongoDBIndexConfig     : Atlas Search is not supported on the connected MongoDB cluster: Command failed with error 59 (CommandNotFound): 'command not found' on server pstt-shard-00-01.vnida.mongodb.net:27017. The full response is {"ok": 0, "errmsg": "command not found", "code": 59, "codeName": "CommandNotFound"}
2025-09-05T19:38:53.931+03:00  INFO 47780 --- [           main] c.e.modfac.config.MongoDBIndexConfig     : Skipping Atlas Search index creation as the cluster does not support it.
2025-09-05T19:38:53.980+03:00  INFO 47780 --- [           main] r$InitializeUserDetailsManagerConfigurer : Global AuthenticationManager configured with UserDetailsService bean with name customUserDetailsService
2025-09-05T19:38:54.013+03:00 DEBUG 47780 --- [           main] o.s.s.web.DefaultSecurityFilterChain     : Will secure any request with filters: DisableEncodeUrlFilter, WebAsyncManagerIntegrationFilter, SecurityContextHolderFilter, HeaderWriterFilter, CorsFilter, LogoutFilter, JwtAuthenticationFilter, RequestCacheAwareFilter, SecurityContextHolderAwareRequestFilter, AnonymousAuthenticationFilter, SessionManagementFilter, ExceptionTranslationFilter, AuthorizationFilter
2025-09-05T19:38:54.061+03:00  INFO 47780 --- [           main] c.e.m.s.MainServiceIntegrationTest       : Started MainServiceIntegrationTest in 1.252 seconds (process running for 65.683)
2025-09-05T19:38:54.375+03:00  INFO 47780 --- [           main] com.example.modfac.service.MainService   : Processing leave request for employee ID: 68bb121ee5e9f3328499a188, type: PTO
]]></system-out>
  </testcase>
</testsuite>